{"C:\\Users\\aipri\\Documents\\Trykon\\osusu\\src\\database.js": {"path":"C:\\Users\\aipri\\Documents\\Trykon\\osusu\\src\\database.js","statementMap":{"0":{"start":{"line":7,"column":16},"end":{"line":7,"column":44}},"1":{"start":{"line":8,"column":17},"end":{"line":8,"column":30}},"2":{"start":{"line":9,"column":13},"end":{"line":9,"column":28}},"3":{"start":{"line":10,"column":13},"end":{"line":10,"column":28}},"4":{"start":{"line":11,"column":11},"end":{"line":11,"column":24}},"5":{"start":{"line":12,"column":15},"end":{"line":12,"column":34}},"6":{"start":{"line":15,"column":16},"end":{"line":15,"column":104}},"7":{"start":{"line":16,"column":23},"end":{"line":16,"column":75}},"8":{"start":{"line":18,"column":9},"end":{"line":18,"column":13}},"9":{"start":{"line":19,"column":11},"end":{"line":19,"column":15}},"10":{"start":{"line":20,"column":12},"end":{"line":20,"column":16}},"11":{"start":{"line":21,"column":12},"end":{"line":21,"column":16}},"12":{"start":{"line":22,"column":12},"end":{"line":22,"column":16}},"13":{"start":{"line":25,"column":19},"end":{"line":39,"column":1}},"14":{"start":{"line":26,"column":2},"end":{"line":38,"column":5}},"15":{"start":{"line":27,"column":19},"end":{"line":27,"column":75}},"16":{"start":{"line":28,"column":22},"end":{"line":28,"column":42}},"17":{"start":{"line":29,"column":4},"end":{"line":29,"column":80}},"18":{"start":{"line":29,"column":35},"end":{"line":29,"column":80}},"19":{"start":{"line":31,"column":4},"end":{"line":37,"column":7}},"20":{"start":{"line":32,"column":6},"end":{"line":36,"column":7}},"21":{"start":{"line":32,"column":15},"end":{"line":32,"column":27}},"22":{"start":{"line":34,"column":8},"end":{"line":34,"column":65}},"23":{"start":{"line":35,"column":8},"end":{"line":35,"column":18}},"24":{"start":{"line":42,"column":23},"end":{"line":63,"column":1}},"25":{"start":{"line":43,"column":2},"end":{"line":62,"column":3}},"26":{"start":{"line":44,"column":29},"end":{"line":45,"column":139}},"27":{"start":{"line":47,"column":4},"end":{"line":53,"column":7}},"28":{"start":{"line":56,"column":19},"end":{"line":56,"column":39}},"29":{"start":{"line":57,"column":4},"end":{"line":57,"column":52}},"30":{"start":{"line":58,"column":4},"end":{"line":58,"column":21}},"31":{"start":{"line":60,"column":4},"end":{"line":60,"column":76}},"32":{"start":{"line":61,"column":4},"end":{"line":61,"column":14}},"33":{"start":{"line":66,"column":17},"end":{"line":78,"column":1}},"34":{"start":{"line":67,"column":2},"end":{"line":77,"column":3}},"35":{"start":{"line":68,"column":19},"end":{"line":68,"column":50}},"36":{"start":{"line":69,"column":4},"end":{"line":69,"column":18}},"37":{"start":{"line":71,"column":4},"end":{"line":76,"column":7}},"38":{"start":{"line":72,"column":6},"end":{"line":75,"column":9}},"39":{"start":{"line":73,"column":8},"end":{"line":74,"column":69}},"40":{"start":{"line":73,"column":17},"end":{"line":73,"column":29}},"41":{"start":{"line":74,"column":13},"end":{"line":74,"column":69}},"42":{"start":{"line":80,"column":17},"end":{"line":92,"column":1}},"43":{"start":{"line":81,"column":2},"end":{"line":91,"column":3}},"44":{"start":{"line":82,"column":19},"end":{"line":82,"column":50}},"45":{"start":{"line":83,"column":4},"end":{"line":83,"column":26}},"46":{"start":{"line":85,"column":4},"end":{"line":90,"column":7}},"47":{"start":{"line":86,"column":6},"end":{"line":89,"column":9}},"48":{"start":{"line":87,"column":8},"end":{"line":88,"column":26}},"49":{"start":{"line":87,"column":17},"end":{"line":87,"column":29}},"50":{"start":{"line":88,"column":13},"end":{"line":88,"column":26}},"51":{"start":{"line":94,"column":17},"end":{"line":106,"column":1}},"52":{"start":{"line":95,"column":2},"end":{"line":105,"column":3}},"53":{"start":{"line":96,"column":19},"end":{"line":96,"column":50}},"54":{"start":{"line":97,"column":4},"end":{"line":97,"column":23}},"55":{"start":{"line":99,"column":4},"end":{"line":104,"column":7}},"56":{"start":{"line":100,"column":6},"end":{"line":103,"column":9}},"57":{"start":{"line":101,"column":8},"end":{"line":102,"column":33}},"58":{"start":{"line":101,"column":17},"end":{"line":101,"column":29}},"59":{"start":{"line":102,"column":13},"end":{"line":102,"column":33}},"60":{"start":{"line":109,"column":19},"end":{"line":115,"column":1}},"61":{"start":{"line":110,"column":2},"end":{"line":114,"column":3}},"62":{"start":{"line":111,"column":4},"end":{"line":111,"column":33}},"63":{"start":{"line":113,"column":4},"end":{"line":113,"column":29}},"64":{"start":{"line":117,"column":25},"end":{"line":193,"column":1}},"65":{"start":{"line":118,"column":2},"end":{"line":118,"column":45}},"66":{"start":{"line":120,"column":17},"end":{"line":188,"column":3}},"67":{"start":{"line":190,"column":2},"end":{"line":192,"column":3}},"68":{"start":{"line":191,"column":4},"end":{"line":191,"column":26}},"69":{"start":{"line":195,"column":29},"end":{"line":275,"column":1}},"70":{"start":{"line":196,"column":17},"end":{"line":264,"column":3}},"71":{"start":{"line":266,"column":2},"end":{"line":274,"column":3}},"72":{"start":{"line":267,"column":4},"end":{"line":273,"column":5}},"73":{"start":{"line":268,"column":6},"end":{"line":268,"column":30}},"74":{"start":{"line":270,"column":6},"end":{"line":272,"column":7}},"75":{"start":{"line":271,"column":8},"end":{"line":271,"column":70}},"76":{"start":{"line":278,"column":19},"end":{"line":291,"column":1}},"77":{"start":{"line":279,"column":2},"end":{"line":290,"column":3}},"78":{"start":{"line":280,"column":4},"end":{"line":284,"column":5}},"79":{"start":{"line":281,"column":6},"end":{"line":281,"column":29}},"80":{"start":{"line":283,"column":6},"end":{"line":283,"column":25}},"81":{"start":{"line":285,"column":4},"end":{"line":285,"column":23}},"82":{"start":{"line":286,"column":4},"end":{"line":286,"column":86}},"83":{"start":{"line":288,"column":4},"end":{"line":288,"column":75}},"84":{"start":{"line":289,"column":4},"end":{"line":289,"column":14}},"85":{"start":{"line":293,"column":14},"end":{"line":312,"column":1}},"86":{"start":{"line":294,"column":2},"end":{"line":311,"column":3}},"87":{"start":{"line":295,"column":4},"end":{"line":308,"column":5}},"88":{"start":{"line":296,"column":6},"end":{"line":296,"column":23}},"89":{"start":{"line":297,"column":6},"end":{"line":297,"column":55}},"90":{"start":{"line":298,"column":11},"end":{"line":308,"column":5}},"91":{"start":{"line":299,"column":6},"end":{"line":307,"column":9}},"92":{"start":{"line":300,"column":8},"end":{"line":306,"column":11}},"93":{"start":{"line":301,"column":10},"end":{"line":305,"column":11}},"94":{"start":{"line":301,"column":19},"end":{"line":301,"column":31}},"95":{"start":{"line":303,"column":12},"end":{"line":303,"column":52}},"96":{"start":{"line":304,"column":12},"end":{"line":304,"column":22}},"97":{"start":{"line":310,"column":4},"end":{"line":310,"column":78}},"98":{"start":{"line":314,"column":0},"end":{"line":323,"column":2}}},"fnMap":{"0":{"name":"(anonymous_0)","decl":{"start":{"line":25,"column":19},"end":{"line":25,"column":20}},"loc":{"start":{"line":25,"column":31},"end":{"line":39,"column":1}},"line":25},"1":{"name":"(anonymous_1)","decl":{"start":{"line":26,"column":21},"end":{"line":26,"column":22}},"loc":{"start":{"line":26,"column":42},"end":{"line":38,"column":3}},"line":26},"2":{"name":"(anonymous_2)","decl":{"start":{"line":31,"column":38},"end":{"line":31,"column":39}},"loc":{"start":{"line":31,"column":47},"end":{"line":37,"column":5}},"line":31},"3":{"name":"(anonymous_3)","decl":{"start":{"line":42,"column":23},"end":{"line":42,"column":24}},"loc":{"start":{"line":42,"column":35},"end":{"line":63,"column":1}},"line":42},"4":{"name":"(anonymous_4)","decl":{"start":{"line":66,"column":17},"end":{"line":66,"column":18}},"loc":{"start":{"line":66,"column":47},"end":{"line":78,"column":1}},"line":66},"5":{"name":"(anonymous_5)","decl":{"start":{"line":71,"column":23},"end":{"line":71,"column":24}},"loc":{"start":{"line":71,"column":44},"end":{"line":76,"column":5}},"line":71},"6":{"name":"(anonymous_6)","decl":{"start":{"line":72,"column":28},"end":{"line":72,"column":29}},"loc":{"start":{"line":72,"column":42},"end":{"line":75,"column":7}},"line":72},"7":{"name":"(anonymous_7)","decl":{"start":{"line":80,"column":17},"end":{"line":80,"column":18}},"loc":{"start":{"line":80,"column":47},"end":{"line":92,"column":1}},"line":80},"8":{"name":"(anonymous_8)","decl":{"start":{"line":85,"column":23},"end":{"line":85,"column":24}},"loc":{"start":{"line":85,"column":44},"end":{"line":90,"column":5}},"line":85},"9":{"name":"(anonymous_9)","decl":{"start":{"line":86,"column":28},"end":{"line":86,"column":29}},"loc":{"start":{"line":86,"column":42},"end":{"line":89,"column":7}},"line":86},"10":{"name":"(anonymous_10)","decl":{"start":{"line":94,"column":17},"end":{"line":94,"column":18}},"loc":{"start":{"line":94,"column":47},"end":{"line":106,"column":1}},"line":94},"11":{"name":"(anonymous_11)","decl":{"start":{"line":99,"column":23},"end":{"line":99,"column":24}},"loc":{"start":{"line":99,"column":44},"end":{"line":104,"column":5}},"line":99},"12":{"name":"(anonymous_12)","decl":{"start":{"line":100,"column":28},"end":{"line":100,"column":29}},"loc":{"start":{"line":100,"column":43},"end":{"line":103,"column":7}},"line":100},"13":{"name":"(anonymous_13)","decl":{"start":{"line":109,"column":19},"end":{"line":109,"column":20}},"loc":{"start":{"line":109,"column":31},"end":{"line":115,"column":1}},"line":109},"14":{"name":"(anonymous_14)","decl":{"start":{"line":117,"column":25},"end":{"line":117,"column":26}},"loc":{"start":{"line":117,"column":37},"end":{"line":193,"column":1}},"line":117},"15":{"name":"(anonymous_15)","decl":{"start":{"line":195,"column":29},"end":{"line":195,"column":30}},"loc":{"start":{"line":195,"column":41},"end":{"line":275,"column":1}},"line":195},"16":{"name":"(anonymous_16)","decl":{"start":{"line":278,"column":19},"end":{"line":278,"column":20}},"loc":{"start":{"line":278,"column":31},"end":{"line":291,"column":1}},"line":278},"17":{"name":"(anonymous_17)","decl":{"start":{"line":293,"column":14},"end":{"line":293,"column":15}},"loc":{"start":{"line":293,"column":26},"end":{"line":312,"column":1}},"line":293},"18":{"name":"(anonymous_18)","decl":{"start":{"line":299,"column":25},"end":{"line":299,"column":26}},"loc":{"start":{"line":299,"column":46},"end":{"line":307,"column":7}},"line":299},"19":{"name":"(anonymous_19)","decl":{"start":{"line":300,"column":17},"end":{"line":300,"column":18}},"loc":{"start":{"line":300,"column":26},"end":{"line":306,"column":9}},"line":300}},"branchMap":{"0":{"loc":{"start":{"line":15,"column":16},"end":{"line":15,"column":104}},"type":"binary-expr","locations":[{"start":{"line":15,"column":16},"end":{"line":15,"column":35}},{"start":{"line":15,"column":40},"end":{"line":15,"column":103}}],"line":15},"1":{"loc":{"start":{"line":15,"column":40},"end":{"line":15,"column":103}},"type":"cond-expr","locations":[{"start":{"line":15,"column":80},"end":{"line":15,"column":92}},{"start":{"line":15,"column":95},"end":{"line":15,"column":103}}],"line":15},"2":{"loc":{"start":{"line":16,"column":23},"end":{"line":16,"column":75}},"type":"binary-expr","locations":[{"start":{"line":16,"column":23},"end":{"line":16,"column":47}},{"start":{"line":16,"column":51},"end":{"line":16,"column":75}}],"line":16},"3":{"loc":{"start":{"line":27,"column":19},"end":{"line":27,"column":75}},"type":"binary-expr","locations":[{"start":{"line":27,"column":19},"end":{"line":27,"column":38}},{"start":{"line":27,"column":42},"end":{"line":27,"column":75}}],"line":27},"4":{"loc":{"start":{"line":29,"column":4},"end":{"line":29,"column":80}},"type":"if","locations":[{"start":{"line":29,"column":4},"end":{"line":29,"column":80}},{"start":{},"end":{}}],"line":29},"5":{"loc":{"start":{"line":32,"column":6},"end":{"line":36,"column":7}},"type":"if","locations":[{"start":{"line":32,"column":6},"end":{"line":36,"column":7}},{"start":{"line":33,"column":11},"end":{"line":36,"column":7}}],"line":32},"6":{"loc":{"start":{"line":44,"column":29},"end":{"line":45,"column":139}},"type":"binary-expr","locations":[{"start":{"line":44,"column":29},"end":{"line":44,"column":53}},{"start":{"line":45,"column":6},"end":{"line":45,"column":139}}],"line":44},"7":{"loc":{"start":{"line":52,"column":11},"end":{"line":52,"column":88}},"type":"cond-expr","locations":[{"start":{"line":52,"column":51},"end":{"line":52,"column":80}},{"start":{"line":52,"column":83},"end":{"line":52,"column":88}}],"line":52},"8":{"loc":{"start":{"line":66,"column":31},"end":{"line":66,"column":42}},"type":"default-arg","locations":[{"start":{"line":66,"column":40},"end":{"line":66,"column":42}}],"line":66},"9":{"loc":{"start":{"line":67,"column":2},"end":{"line":77,"column":3}},"type":"if","locations":[{"start":{"line":67,"column":2},"end":{"line":77,"column":3}},{"start":{"line":70,"column":9},"end":{"line":77,"column":3}}],"line":67},"10":{"loc":{"start":{"line":73,"column":8},"end":{"line":74,"column":69}},"type":"if","locations":[{"start":{"line":73,"column":8},"end":{"line":74,"column":69}},{"start":{"line":74,"column":13},"end":{"line":74,"column":69}}],"line":73},"11":{"loc":{"start":{"line":80,"column":31},"end":{"line":80,"column":42}},"type":"default-arg","locations":[{"start":{"line":80,"column":40},"end":{"line":80,"column":42}}],"line":80},"12":{"loc":{"start":{"line":81,"column":2},"end":{"line":91,"column":3}},"type":"if","locations":[{"start":{"line":81,"column":2},"end":{"line":91,"column":3}},{"start":{"line":84,"column":9},"end":{"line":91,"column":3}}],"line":81},"13":{"loc":{"start":{"line":87,"column":8},"end":{"line":88,"column":26}},"type":"if","locations":[{"start":{"line":87,"column":8},"end":{"line":88,"column":26}},{"start":{"line":88,"column":13},"end":{"line":88,"column":26}}],"line":87},"14":{"loc":{"start":{"line":94,"column":31},"end":{"line":94,"column":42}},"type":"default-arg","locations":[{"start":{"line":94,"column":40},"end":{"line":94,"column":42}}],"line":94},"15":{"loc":{"start":{"line":95,"column":2},"end":{"line":105,"column":3}},"type":"if","locations":[{"start":{"line":95,"column":2},"end":{"line":105,"column":3}},{"start":{"line":98,"column":9},"end":{"line":105,"column":3}}],"line":95},"16":{"loc":{"start":{"line":101,"column":8},"end":{"line":102,"column":33}},"type":"if","locations":[{"start":{"line":101,"column":8},"end":{"line":102,"column":33}},{"start":{"line":102,"column":13},"end":{"line":102,"column":33}}],"line":101},"17":{"loc":{"start":{"line":102,"column":21},"end":{"line":102,"column":31}},"type":"binary-expr","locations":[{"start":{"line":102,"column":21},"end":{"line":102,"column":25}},{"start":{"line":102,"column":29},"end":{"line":102,"column":31}}],"line":102},"18":{"loc":{"start":{"line":110,"column":2},"end":{"line":114,"column":3}},"type":"if","locations":[{"start":{"line":110,"column":2},"end":{"line":114,"column":3}},{"start":{"line":112,"column":9},"end":{"line":114,"column":3}}],"line":110},"19":{"loc":{"start":{"line":270,"column":6},"end":{"line":272,"column":7}},"type":"if","locations":[{"start":{"line":270,"column":6},"end":{"line":272,"column":7}},{"start":{},"end":{}}],"line":270},"20":{"loc":{"start":{"line":280,"column":4},"end":{"line":284,"column":5}},"type":"if","locations":[{"start":{"line":280,"column":4},"end":{"line":284,"column":5}},{"start":{"line":282,"column":11},"end":{"line":284,"column":5}}],"line":280},"21":{"loc":{"start":{"line":286,"column":41},"end":{"line":286,"column":81}},"type":"cond-expr","locations":[{"start":{"line":286,"column":58},"end":{"line":286,"column":70}},{"start":{"line":286,"column":73},"end":{"line":286,"column":81}}],"line":286},"22":{"loc":{"start":{"line":295,"column":4},"end":{"line":308,"column":5}},"type":"if","locations":[{"start":{"line":295,"column":4},"end":{"line":308,"column":5}},{"start":{"line":298,"column":11},"end":{"line":308,"column":5}}],"line":295},"23":{"loc":{"start":{"line":295,"column":8},"end":{"line":295,"column":30}},"type":"binary-expr","locations":[{"start":{"line":295,"column":8},"end":{"line":295,"column":22}},{"start":{"line":295,"column":26},"end":{"line":295,"column":30}}],"line":295},"24":{"loc":{"start":{"line":298,"column":11},"end":{"line":308,"column":5}},"type":"if","locations":[{"start":{"line":298,"column":11},"end":{"line":308,"column":5}},{"start":{},"end":{}}],"line":298},"25":{"loc":{"start":{"line":301,"column":10},"end":{"line":305,"column":11}},"type":"if","locations":[{"start":{"line":301,"column":10},"end":{"line":305,"column":11}},{"start":{"line":302,"column":15},"end":{"line":305,"column":11}}],"line":301}},"s":{"0":0,"1":0,"2":0,"3":0,"4":0,"5":0,"6":0,"7":0,"8":0,"9":0,"10":0,"11":0,"12":0,"13":0,"14":0,"15":0,"16":0,"17":0,"18":0,"19":0,"20":0,"21":0,"22":0,"23":0,"24":0,"25":0,"26":0,"27":0,"28":0,"29":0,"30":0,"31":0,"32":0,"33":0,"34":0,"35":0,"36":0,"37":0,"38":0,"39":0,"40":0,"41":0,"42":0,"43":0,"44":0,"45":0,"46":0,"47":0,"48":0,"49":0,"50":0,"51":0,"52":0,"53":0,"54":0,"55":0,"56":0,"57":0,"58":0,"59":0,"60":0,"61":0,"62":0,"63":0,"64":0,"65":0,"66":0,"67":0,"68":0,"69":0,"70":0,"71":0,"72":0,"73":0,"74":0,"75":0,"76":0,"77":0,"78":0,"79":0,"80":0,"81":0,"82":0,"83":0,"84":0,"85":0,"86":0,"87":0,"88":0,"89":0,"90":0,"91":0,"92":0,"93":0,"94":0,"95":0,"96":0,"97":0,"98":0},"f":{"0":0,"1":0,"2":0,"3":0,"4":0,"5":0,"6":0,"7":0,"8":0,"9":0,"10":0,"11":0,"12":0,"13":0,"14":0,"15":0,"16":0,"17":0,"18":0,"19":0},"b":{"0":[0,0],"1":[0,0],"2":[0,0],"3":[0,0],"4":[0,0],"5":[0,0],"6":[0,0],"7":[0,0],"8":[0],"9":[0,0],"10":[0,0],"11":[0],"12":[0,0],"13":[0,0],"14":[0],"15":[0,0],"16":[0,0],"17":[0,0],"18":[0,0],"19":[0,0],"20":[0,0],"21":[0,0],"22":[0,0],"23":[0,0],"24":[0,0],"25":[0,0]}}
,"C:\\Users\\aipri\\Documents\\Trykon\\osusu\\src\\email.js": {"path":"C:\\Users\\aipri\\Documents\\Trykon\\osusu\\src\\email.js","statementMap":{"0":{"start":{"line":7,"column":19},"end":{"line":7,"column":40}},"1":{"start":{"line":8,"column":15},"end":{"line":8,"column":34}},"2":{"start":{"line":11,"column":22},"end":{"line":11,"column":61}},"3":{"start":{"line":12,"column":19},"end":{"line":12,"column":64}},"4":{"start":{"line":13,"column":22},"end":{"line":13,"column":53}},"5":{"start":{"line":14,"column":24},"end":{"line":14,"column":57}},"6":{"start":{"line":15,"column":24},"end":{"line":15,"column":58}},"7":{"start":{"line":16,"column":24},"end":{"line":16,"column":57}},"8":{"start":{"line":17,"column":28},"end":{"line":17,"column":65}},"9":{"start":{"line":20,"column":18},"end":{"line":20,"column":22}},"10":{"start":{"line":22,"column":30},"end":{"line":67,"column":1}},"11":{"start":{"line":23,"column":2},"end":{"line":66,"column":3}},"12":{"start":{"line":25,"column":4},"end":{"line":32,"column":7}},"13":{"start":{"line":33,"column":9},"end":{"line":66,"column":3}},"14":{"start":{"line":35,"column":4},"end":{"line":42,"column":7}},"15":{"start":{"line":43,"column":9},"end":{"line":66,"column":3}},"16":{"start":{"line":45,"column":4},"end":{"line":53,"column":7}},"17":{"start":{"line":54,"column":9},"end":{"line":66,"column":3}},"18":{"start":{"line":56,"column":4},"end":{"line":63,"column":7}},"19":{"start":{"line":65,"column":4},"end":{"line":65,"column":79}},"20":{"start":{"line":75,"column":31},"end":{"line":114,"column":1}},"21":{"start":{"line":76,"column":2},"end":{"line":113,"column":3}},"22":{"start":{"line":77,"column":4},"end":{"line":79,"column":5}},"23":{"start":{"line":78,"column":6},"end":{"line":78,"column":30}},"24":{"start":{"line":81,"column":4},"end":{"line":84,"column":5}},"25":{"start":{"line":82,"column":6},"end":{"line":82,"column":56}},"26":{"start":{"line":83,"column":6},"end":{"line":83,"column":68}},"27":{"start":{"line":86,"column":22},"end":{"line":86,"column":113}},"28":{"start":{"line":88,"column":24},"end":{"line":105,"column":5}},"29":{"start":{"line":107,"column":19},"end":{"line":107,"column":58}},"30":{"start":{"line":108,"column":4},"end":{"line":108,"column":90}},"31":{"start":{"line":109,"column":4},"end":{"line":109,"column":58}},"32":{"start":{"line":111,"column":4},"end":{"line":111,"column":87}},"33":{"start":{"line":112,"column":4},"end":{"line":112,"column":50}},"34":{"start":{"line":123,"column":35},"end":{"line":156,"column":1}},"35":{"start":{"line":124,"column":2},"end":{"line":155,"column":3}},"36":{"start":{"line":125,"column":4},"end":{"line":127,"column":5}},"37":{"start":{"line":126,"column":6},"end":{"line":126,"column":30}},"38":{"start":{"line":129,"column":4},"end":{"line":132,"column":5}},"39":{"start":{"line":130,"column":6},"end":{"line":130,"column":56}},"40":{"start":{"line":131,"column":6},"end":{"line":131,"column":68}},"41":{"start":{"line":134,"column":24},"end":{"line":147,"column":5}},"42":{"start":{"line":149,"column":19},"end":{"line":149,"column":58}},"43":{"start":{"line":150,"column":4},"end":{"line":150,"column":96}},"44":{"start":{"line":151,"column":4},"end":{"line":151,"column":58}},"45":{"start":{"line":153,"column":4},"end":{"line":153,"column":93}},"46":{"start":{"line":154,"column":4},"end":{"line":154,"column":50}},"47":{"start":{"line":164,"column":25},"end":{"line":204,"column":1}},"48":{"start":{"line":165,"column":2},"end":{"line":203,"column":3}},"49":{"start":{"line":166,"column":4},"end":{"line":168,"column":5}},"50":{"start":{"line":167,"column":6},"end":{"line":167,"column":30}},"51":{"start":{"line":170,"column":4},"end":{"line":173,"column":5}},"52":{"start":{"line":171,"column":6},"end":{"line":171,"column":56}},"53":{"start":{"line":172,"column":6},"end":{"line":172,"column":68}},"54":{"start":{"line":175,"column":24},"end":{"line":195,"column":5}},"55":{"start":{"line":197,"column":19},"end":{"line":197,"column":58}},"56":{"start":{"line":198,"column":4},"end":{"line":198,"column":83}},"57":{"start":{"line":199,"column":4},"end":{"line":199,"column":58}},"58":{"start":{"line":201,"column":4},"end":{"line":201,"column":80}},"59":{"start":{"line":202,"column":4},"end":{"line":202,"column":50}},"60":{"start":{"line":213,"column":35},"end":{"line":247,"column":1}},"61":{"start":{"line":214,"column":2},"end":{"line":246,"column":3}},"62":{"start":{"line":215,"column":4},"end":{"line":217,"column":5}},"63":{"start":{"line":216,"column":6},"end":{"line":216,"column":30}},"64":{"start":{"line":219,"column":4},"end":{"line":222,"column":5}},"65":{"start":{"line":220,"column":6},"end":{"line":220,"column":56}},"66":{"start":{"line":221,"column":6},"end":{"line":221,"column":68}},"67":{"start":{"line":224,"column":24},"end":{"line":238,"column":5}},"68":{"start":{"line":240,"column":19},"end":{"line":240,"column":58}},"69":{"start":{"line":241,"column":4},"end":{"line":241,"column":106}},"70":{"start":{"line":242,"column":4},"end":{"line":242,"column":58}},"71":{"start":{"line":244,"column":4},"end":{"line":244,"column":96}},"72":{"start":{"line":245,"column":4},"end":{"line":245,"column":50}},"73":{"start":{"line":253,"column":31},"end":{"line":270,"column":1}},"74":{"start":{"line":254,"column":2},"end":{"line":269,"column":3}},"75":{"start":{"line":255,"column":4},"end":{"line":257,"column":5}},"76":{"start":{"line":256,"column":6},"end":{"line":256,"column":30}},"77":{"start":{"line":259,"column":4},"end":{"line":261,"column":5}},"78":{"start":{"line":260,"column":6},"end":{"line":260,"column":76}},"79":{"start":{"line":263,"column":4},"end":{"line":263,"column":31}},"80":{"start":{"line":264,"column":4},"end":{"line":264,"column":61}},"81":{"start":{"line":265,"column":4},"end":{"line":265,"column":78}},"82":{"start":{"line":267,"column":4},"end":{"line":267,"column":76}},"83":{"start":{"line":268,"column":4},"end":{"line":268,"column":50}},"84":{"start":{"line":273,"column":0},"end":{"line":275,"column":1}},"85":{"start":{"line":274,"column":2},"end":{"line":274,"column":26}},"86":{"start":{"line":277,"column":0},"end":{"line":284,"column":2}}},"fnMap":{"0":{"name":"(anonymous_0)","decl":{"start":{"line":22,"column":30},"end":{"line":22,"column":31}},"loc":{"start":{"line":22,"column":36},"end":{"line":67,"column":1}},"line":22},"1":{"name":"(anonymous_1)","decl":{"start":{"line":75,"column":31},"end":{"line":75,"column":32}},"loc":{"start":{"line":75,"column":60},"end":{"line":114,"column":1}},"line":75},"2":{"name":"(anonymous_2)","decl":{"start":{"line":123,"column":35},"end":{"line":123,"column":36}},"loc":{"start":{"line":123,"column":69},"end":{"line":156,"column":1}},"line":123},"3":{"name":"(anonymous_3)","decl":{"start":{"line":164,"column":25},"end":{"line":164,"column":26}},"loc":{"start":{"line":164,"column":57},"end":{"line":204,"column":1}},"line":164},"4":{"name":"(anonymous_4)","decl":{"start":{"line":213,"column":35},"end":{"line":213,"column":36}},"loc":{"start":{"line":213,"column":72},"end":{"line":247,"column":1}},"line":213},"5":{"name":"(anonymous_5)","decl":{"start":{"line":253,"column":31},"end":{"line":253,"column":32}},"loc":{"start":{"line":253,"column":43},"end":{"line":270,"column":1}},"line":253}},"branchMap":{"0":{"loc":{"start":{"line":11,"column":22},"end":{"line":11,"column":61}},"type":"binary-expr","locations":[{"start":{"line":11,"column":22},"end":{"line":11,"column":47}},{"start":{"line":11,"column":51},"end":{"line":11,"column":61}}],"line":11},"1":{"loc":{"start":{"line":12,"column":19},"end":{"line":12,"column":64}},"type":"binary-expr","locations":[{"start":{"line":12,"column":19},"end":{"line":12,"column":41}},{"start":{"line":12,"column":45},"end":{"line":12,"column":64}}],"line":12},"2":{"loc":{"start":{"line":13,"column":22},"end":{"line":13,"column":53}},"type":"binary-expr","locations":[{"start":{"line":13,"column":22},"end":{"line":13,"column":47}},{"start":{"line":13,"column":51},"end":{"line":13,"column":53}}],"line":13},"3":{"loc":{"start":{"line":14,"column":24},"end":{"line":14,"column":57}},"type":"binary-expr","locations":[{"start":{"line":14,"column":24},"end":{"line":14,"column":51}},{"start":{"line":14,"column":55},"end":{"line":14,"column":57}}],"line":14},"4":{"loc":{"start":{"line":15,"column":24},"end":{"line":15,"column":58}},"type":"binary-expr","locations":[{"start":{"line":15,"column":24},"end":{"line":15,"column":51}},{"start":{"line":15,"column":55},"end":{"line":15,"column":58}}],"line":15},"5":{"loc":{"start":{"line":16,"column":24},"end":{"line":16,"column":57}},"type":"binary-expr","locations":[{"start":{"line":16,"column":24},"end":{"line":16,"column":51}},{"start":{"line":16,"column":55},"end":{"line":16,"column":57}}],"line":16},"6":{"loc":{"start":{"line":17,"column":28},"end":{"line":17,"column":65}},"type":"binary-expr","locations":[{"start":{"line":17,"column":28},"end":{"line":17,"column":59}},{"start":{"line":17,"column":63},"end":{"line":17,"column":65}}],"line":17},"7":{"loc":{"start":{"line":23,"column":2},"end":{"line":66,"column":3}},"type":"if","locations":[{"start":{"line":23,"column":2},"end":{"line":66,"column":3}},{"start":{"line":33,"column":9},"end":{"line":66,"column":3}}],"line":23},"8":{"loc":{"start":{"line":23,"column":6},"end":{"line":23,"column":51}},"type":"binary-expr","locations":[{"start":{"line":23,"column":6},"end":{"line":23,"column":34}},{"start":{"line":23,"column":38},"end":{"line":23,"column":51}}],"line":23},"9":{"loc":{"start":{"line":33,"column":9},"end":{"line":66,"column":3}},"type":"if","locations":[{"start":{"line":33,"column":9},"end":{"line":66,"column":3}},{"start":{"line":43,"column":9},"end":{"line":66,"column":3}}],"line":33},"10":{"loc":{"start":{"line":33,"column":13},"end":{"line":33,"column":57}},"type":"binary-expr","locations":[{"start":{"line":33,"column":13},"end":{"line":33,"column":40}},{"start":{"line":33,"column":44},"end":{"line":33,"column":57}}],"line":33},"11":{"loc":{"start":{"line":43,"column":9},"end":{"line":66,"column":3}},"type":"if","locations":[{"start":{"line":43,"column":9},"end":{"line":66,"column":3}},{"start":{"line":54,"column":9},"end":{"line":66,"column":3}}],"line":43},"12":{"loc":{"start":{"line":43,"column":13},"end":{"line":43,"column":56}},"type":"binary-expr","locations":[{"start":{"line":43,"column":13},"end":{"line":43,"column":37}},{"start":{"line":43,"column":41},"end":{"line":43,"column":56}}],"line":43},"13":{"loc":{"start":{"line":54,"column":9},"end":{"line":66,"column":3}},"type":"if","locations":[{"start":{"line":54,"column":9},"end":{"line":66,"column":3}},{"start":{"line":64,"column":9},"end":{"line":66,"column":3}}],"line":54},"14":{"loc":{"start":{"line":60,"column":14},"end":{"line":60,"column":64}},"type":"binary-expr","locations":[{"start":{"line":60,"column":14},"end":{"line":60,"column":39}},{"start":{"line":60,"column":43},"end":{"line":60,"column":64}}],"line":60},"15":{"loc":{"start":{"line":61,"column":14},"end":{"line":61,"column":53}},"type":"binary-expr","locations":[{"start":{"line":61,"column":14},"end":{"line":61,"column":43}},{"start":{"line":61,"column":47},"end":{"line":61,"column":53}}],"line":61},"16":{"loc":{"start":{"line":77,"column":4},"end":{"line":79,"column":5}},"type":"if","locations":[{"start":{"line":77,"column":4},"end":{"line":79,"column":5}},{"start":{},"end":{}}],"line":77},"17":{"loc":{"start":{"line":81,"column":4},"end":{"line":84,"column":5}},"type":"if","locations":[{"start":{"line":81,"column":4},"end":{"line":84,"column":5}},{"start":{},"end":{}}],"line":81},"18":{"loc":{"start":{"line":86,"column":25},"end":{"line":86,"column":71}},"type":"binary-expr","locations":[{"start":{"line":86,"column":25},"end":{"line":86,"column":44}},{"start":{"line":86,"column":48},"end":{"line":86,"column":71}}],"line":86},"19":{"loc":{"start":{"line":125,"column":4},"end":{"line":127,"column":5}},"type":"if","locations":[{"start":{"line":125,"column":4},"end":{"line":127,"column":5}},{"start":{},"end":{}}],"line":125},"20":{"loc":{"start":{"line":129,"column":4},"end":{"line":132,"column":5}},"type":"if","locations":[{"start":{"line":129,"column":4},"end":{"line":132,"column":5}},{"start":{},"end":{}}],"line":129},"21":{"loc":{"start":{"line":164,"column":39},"end":{"line":164,"column":52}},"type":"default-arg","locations":[{"start":{"line":164,"column":46},"end":{"line":164,"column":52}}],"line":164},"22":{"loc":{"start":{"line":166,"column":4},"end":{"line":168,"column":5}},"type":"if","locations":[{"start":{"line":166,"column":4},"end":{"line":168,"column":5}},{"start":{},"end":{}}],"line":166},"23":{"loc":{"start":{"line":170,"column":4},"end":{"line":173,"column":5}},"type":"if","locations":[{"start":{"line":170,"column":4},"end":{"line":173,"column":5}},{"start":{},"end":{}}],"line":170},"24":{"loc":{"start":{"line":188,"column":22},"end":{"line":188,"column":68}},"type":"binary-expr","locations":[{"start":{"line":188,"column":22},"end":{"line":188,"column":41}},{"start":{"line":188,"column":45},"end":{"line":188,"column":68}}],"line":188},"25":{"loc":{"start":{"line":215,"column":4},"end":{"line":217,"column":5}},"type":"if","locations":[{"start":{"line":215,"column":4},"end":{"line":217,"column":5}},{"start":{},"end":{}}],"line":215},"26":{"loc":{"start":{"line":219,"column":4},"end":{"line":222,"column":5}},"type":"if","locations":[{"start":{"line":219,"column":4},"end":{"line":222,"column":5}},{"start":{},"end":{}}],"line":219},"27":{"loc":{"start":{"line":231,"column":22},"end":{"line":231,"column":68}},"type":"binary-expr","locations":[{"start":{"line":231,"column":22},"end":{"line":231,"column":41}},{"start":{"line":231,"column":45},"end":{"line":231,"column":68}}],"line":231},"28":{"loc":{"start":{"line":255,"column":4},"end":{"line":257,"column":5}},"type":"if","locations":[{"start":{"line":255,"column":4},"end":{"line":257,"column":5}},{"start":{},"end":{}}],"line":255},"29":{"loc":{"start":{"line":259,"column":4},"end":{"line":261,"column":5}},"type":"if","locations":[{"start":{"line":259,"column":4},"end":{"line":261,"column":5}},{"start":{},"end":{}}],"line":259},"30":{"loc":{"start":{"line":273,"column":0},"end":{"line":275,"column":1}},"type":"if","locations":[{"start":{"line":273,"column":0},"end":{"line":275,"column":1}},{"start":{},"end":{}}],"line":273}},"s":{"0":0,"1":0,"2":0,"3":0,"4":0,"5":0,"6":0,"7":0,"8":0,"9":0,"10":0,"11":0,"12":0,"13":0,"14":0,"15":0,"16":0,"17":0,"18":0,"19":0,"20":0,"21":0,"22":0,"23":0,"24":0,"25":0,"26":0,"27":0,"28":0,"29":0,"30":0,"31":0,"32":0,"33":0,"34":0,"35":0,"36":0,"37":0,"38":0,"39":0,"40":0,"41":0,"42":0,"43":0,"44":0,"45":0,"46":0,"47":0,"48":0,"49":0,"50":0,"51":0,"52":0,"53":0,"54":0,"55":0,"56":0,"57":0,"58":0,"59":0,"60":0,"61":0,"62":0,"63":0,"64":0,"65":0,"66":0,"67":0,"68":0,"69":0,"70":0,"71":0,"72":0,"73":0,"74":0,"75":0,"76":0,"77":0,"78":0,"79":0,"80":0,"81":0,"82":0,"83":0,"84":0,"85":0,"86":0},"f":{"0":0,"1":0,"2":0,"3":0,"4":0,"5":0},"b":{"0":[0,0],"1":[0,0],"2":[0,0],"3":[0,0],"4":[0,0],"5":[0,0],"6":[0,0],"7":[0,0],"8":[0,0],"9":[0,0],"10":[0,0],"11":[0,0],"12":[0,0],"13":[0,0],"14":[0,0],"15":[0,0],"16":[0,0],"17":[0,0],"18":[0,0],"19":[0,0],"20":[0,0],"21":[0],"22":[0,0],"23":[0,0],"24":[0,0],"25":[0,0],"26":[0,0],"27":[0,0],"28":[0,0],"29":[0,0],"30":[0,0]}}
,"C:\\Users\\aipri\\Documents\\Trykon\\osusu\\src\\errors.js": {"path":"C:\\Users\\aipri\\Documents\\Trykon\\osusu\\src\\errors.js","statementMap":{"0":{"start":{"line":5,"column":4},"end":{"line":5,"column":19}},"1":{"start":{"line":6,"column":4},"end":{"line":6,"column":33}},"2":{"start":{"line":7,"column":4},"end":{"line":7,"column":21}},"3":{"start":{"line":8,"column":4},"end":{"line":8,"column":46}},"4":{"start":{"line":9,"column":4},"end":{"line":9,"column":52}},"5":{"start":{"line":15,"column":4},"end":{"line":15,"column":44}},"6":{"start":{"line":16,"column":4},"end":{"line":16,"column":27}},"7":{"start":{"line":22,"column":4},"end":{"line":22,"column":48}},"8":{"start":{"line":28,"column":4},"end":{"line":28,"column":47}},"9":{"start":{"line":34,"column":4},"end":{"line":34,"column":37}},"10":{"start":{"line":40,"column":4},"end":{"line":40,"column":36}},"11":{"start":{"line":46,"column":4},"end":{"line":46,"column":47}},"12":{"start":{"line":52,"column":4},"end":{"line":52,"column":42}},"13":{"start":{"line":53,"column":4},"end":{"line":53,"column":39}},"14":{"start":{"line":58,"column":21},"end":{"line":60,"column":1}},"15":{"start":{"line":58,"column":29},"end":{"line":60,"column":1}},"16":{"start":{"line":59,"column":2},"end":{"line":59,"column":50}},"17":{"start":{"line":63,"column":30},"end":{"line":72,"column":1}},"18":{"start":{"line":64,"column":2},"end":{"line":70,"column":3}},"19":{"start":{"line":65,"column":4},"end":{"line":69,"column":8}},"20":{"start":{"line":65,"column":38},"end":{"line":69,"column":5}},"21":{"start":{"line":71,"column":2},"end":{"line":71,"column":14}},"22":{"start":{"line":75,"column":28},"end":{"line":96,"column":1}},"23":{"start":{"line":76,"column":19},"end":{"line":82,"column":3}},"24":{"start":{"line":84,"column":2},"end":{"line":86,"column":3}},"25":{"start":{"line":85,"column":4},"end":{"line":85,"column":58}},"26":{"start":{"line":88,"column":2},"end":{"line":93,"column":3}},"27":{"start":{"line":89,"column":4},"end":{"line":89,"column":39}},"28":{"start":{"line":90,"column":4},"end":{"line":92,"column":5}},"29":{"start":{"line":91,"column":6},"end":{"line":91,"column":65}},"30":{"start":{"line":95,"column":2},"end":{"line":95,"column":18}},"31":{"start":{"line":98,"column":0},"end":{"line":110,"column":2}}},"fnMap":{"0":{"name":"(anonymous_0)","decl":{"start":{"line":4,"column":2},"end":{"line":4,"column":3}},"loc":{"start":{"line":4,"column":66},"end":{"line":10,"column":3}},"line":4},"1":{"name":"(anonymous_1)","decl":{"start":{"line":14,"column":2},"end":{"line":14,"column":3}},"loc":{"start":{"line":14,"column":39},"end":{"line":17,"column":3}},"line":14},"2":{"name":"(anonymous_2)","decl":{"start":{"line":21,"column":2},"end":{"line":21,"column":3}},"loc":{"start":{"line":21,"column":51},"end":{"line":23,"column":3}},"line":21},"3":{"name":"(anonymous_3)","decl":{"start":{"line":27,"column":2},"end":{"line":27,"column":3}},"loc":{"start":{"line":27,"column":52},"end":{"line":29,"column":3}},"line":27},"4":{"name":"(anonymous_4)","decl":{"start":{"line":33,"column":2},"end":{"line":33,"column":3}},"loc":{"start":{"line":33,"column":46},"end":{"line":35,"column":3}},"line":33},"5":{"name":"(anonymous_5)","decl":{"start":{"line":39,"column":2},"end":{"line":39,"column":3}},"loc":{"start":{"line":39,"column":51},"end":{"line":41,"column":3}},"line":39},"6":{"name":"(anonymous_6)","decl":{"start":{"line":45,"column":2},"end":{"line":45,"column":3}},"loc":{"start":{"line":45,"column":45},"end":{"line":47,"column":3}},"line":45},"7":{"name":"(anonymous_7)","decl":{"start":{"line":51,"column":2},"end":{"line":51,"column":3}},"loc":{"start":{"line":51,"column":75},"end":{"line":54,"column":3}},"line":51},"8":{"name":"(anonymous_8)","decl":{"start":{"line":58,"column":21},"end":{"line":58,"column":22}},"loc":{"start":{"line":58,"column":29},"end":{"line":60,"column":1}},"line":58},"9":{"name":"(anonymous_9)","decl":{"start":{"line":58,"column":29},"end":{"line":58,"column":30}},"loc":{"start":{"line":58,"column":49},"end":{"line":60,"column":1}},"line":58},"10":{"name":"(anonymous_10)","decl":{"start":{"line":63,"column":30},"end":{"line":63,"column":31}},"loc":{"start":{"line":63,"column":39},"end":{"line":72,"column":1}},"line":63},"11":{"name":"(anonymous_11)","decl":{"start":{"line":65,"column":27},"end":{"line":65,"column":28}},"loc":{"start":{"line":65,"column":38},"end":{"line":69,"column":5}},"line":65},"12":{"name":"(anonymous_12)","decl":{"start":{"line":75,"column":28},"end":{"line":75,"column":29}},"loc":{"start":{"line":75,"column":62},"end":{"line":96,"column":1}},"line":75}},"branchMap":{"0":{"loc":{"start":{"line":4,"column":23},"end":{"line":4,"column":39}},"type":"default-arg","locations":[{"start":{"line":4,"column":36},"end":{"line":4,"column":39}}],"line":4},"1":{"loc":{"start":{"line":4,"column":41},"end":{"line":4,"column":64}},"type":"default-arg","locations":[{"start":{"line":4,"column":48},"end":{"line":4,"column":64}}],"line":4},"2":{"loc":{"start":{"line":14,"column":23},"end":{"line":14,"column":37}},"type":"default-arg","locations":[{"start":{"line":14,"column":33},"end":{"line":14,"column":37}}],"line":14},"3":{"loc":{"start":{"line":21,"column":14},"end":{"line":21,"column":49}},"type":"default-arg","locations":[{"start":{"line":21,"column":24},"end":{"line":21,"column":49}}],"line":21},"4":{"loc":{"start":{"line":27,"column":14},"end":{"line":27,"column":50}},"type":"default-arg","locations":[{"start":{"line":27,"column":24},"end":{"line":27,"column":50}}],"line":27},"5":{"loc":{"start":{"line":33,"column":14},"end":{"line":33,"column":44}},"type":"default-arg","locations":[{"start":{"line":33,"column":24},"end":{"line":33,"column":44}}],"line":33},"6":{"loc":{"start":{"line":39,"column":14},"end":{"line":39,"column":49}},"type":"default-arg","locations":[{"start":{"line":39,"column":24},"end":{"line":39,"column":49}}],"line":39},"7":{"loc":{"start":{"line":45,"column":14},"end":{"line":45,"column":43}},"type":"default-arg","locations":[{"start":{"line":45,"column":24},"end":{"line":45,"column":43}}],"line":45},"8":{"loc":{"start":{"line":51,"column":14},"end":{"line":51,"column":51}},"type":"default-arg","locations":[{"start":{"line":51,"column":24},"end":{"line":51,"column":51}}],"line":51},"9":{"loc":{"start":{"line":51,"column":53},"end":{"line":51,"column":73}},"type":"default-arg","locations":[{"start":{"line":51,"column":69},"end":{"line":51,"column":73}}],"line":51},"10":{"loc":{"start":{"line":64,"column":2},"end":{"line":70,"column":3}},"type":"if","locations":[{"start":{"line":64,"column":2},"end":{"line":70,"column":3}},{"start":{},"end":{}}],"line":64},"11":{"loc":{"start":{"line":75,"column":36},"end":{"line":75,"column":57}},"type":"default-arg","locations":[{"start":{"line":75,"column":52},"end":{"line":75,"column":57}}],"line":75},"12":{"loc":{"start":{"line":78,"column":12},"end":{"line":78,"column":42}},"type":"binary-expr","locations":[{"start":{"line":78,"column":12},"end":{"line":78,"column":22}},{"start":{"line":78,"column":26},"end":{"line":78,"column":42}}],"line":78},"13":{"loc":{"start":{"line":80,"column":17},"end":{"line":80,"column":60}},"type":"binary-expr","locations":[{"start":{"line":80,"column":17},"end":{"line":80,"column":32}},{"start":{"line":80,"column":36},"end":{"line":80,"column":60}}],"line":80},"14":{"loc":{"start":{"line":84,"column":2},"end":{"line":86,"column":3}},"type":"if","locations":[{"start":{"line":84,"column":2},"end":{"line":86,"column":3}},{"start":{},"end":{}}],"line":84},"15":{"loc":{"start":{"line":88,"column":2},"end":{"line":93,"column":3}},"type":"if","locations":[{"start":{"line":88,"column":2},"end":{"line":93,"column":3}},{"start":{},"end":{}}],"line":88},"16":{"loc":{"start":{"line":88,"column":6},"end":{"line":88,"column":34}},"type":"binary-expr","locations":[{"start":{"line":88,"column":6},"end":{"line":88,"column":19}},{"start":{"line":88,"column":23},"end":{"line":88,"column":34}}],"line":88},"17":{"loc":{"start":{"line":90,"column":4},"end":{"line":92,"column":5}},"type":"if","locations":[{"start":{"line":90,"column":4},"end":{"line":92,"column":5}},{"start":{},"end":{}}],"line":90}},"s":{"0":0,"1":0,"2":0,"3":0,"4":0,"5":0,"6":0,"7":0,"8":0,"9":0,"10":0,"11":0,"12":0,"13":0,"14":0,"15":0,"16":0,"17":0,"18":0,"19":0,"20":0,"21":0,"22":0,"23":0,"24":0,"25":0,"26":0,"27":0,"28":0,"29":0,"30":0,"31":0},"f":{"0":0,"1":0,"2":0,"3":0,"4":0,"5":0,"6":0,"7":0,"8":0,"9":0,"10":0,"11":0,"12":0},"b":{"0":[0],"1":[0],"2":[0],"3":[0],"4":[0],"5":[0],"6":[0],"7":[0],"8":[0],"9":[0],"10":[0,0],"11":[0],"12":[0,0],"13":[0,0],"14":[0,0],"15":[0,0],"16":[0,0],"17":[0,0]}}
,"C:\\Users\\aipri\\Documents\\Trykon\\osusu\\src\\osusu.js": {"path":"C:\\Users\\aipri\\Documents\\Trykon\\osusu\\src\\osusu.js","statementMap":{"0":{"start":{"line":3,"column":4},"end":{"line":3,"column":58}},"1":{"start":{"line":3,"column":15},"end":{"line":3,"column":58}},"2":{"start":{"line":4,"column":4},"end":{"line":4,"column":21}},"3":{"start":{"line":5,"column":4},"end":{"line":5,"column":21}},"4":{"start":{"line":9,"column":4},"end":{"line":9,"column":72}},"5":{"start":{"line":9,"column":21},"end":{"line":9,"column":72}},"6":{"start":{"line":10,"column":4},"end":{"line":10,"column":27}},"7":{"start":{"line":14,"column":4},"end":{"line":14,"column":73}},"8":{"start":{"line":14,"column":21},"end":{"line":14,"column":73}},"9":{"start":{"line":15,"column":4},"end":{"line":15,"column":71}},"10":{"start":{"line":15,"column":31},"end":{"line":15,"column":71}},"11":{"start":{"line":16,"column":4},"end":{"line":16,"column":27}},"12":{"start":{"line":22,"column":4},"end":{"line":22,"column":57}},"13":{"start":{"line":22,"column":15},"end":{"line":22,"column":57}},"14":{"start":{"line":23,"column":4},"end":{"line":23,"column":21}},"15":{"start":{"line":24,"column":4},"end":{"line":24,"column":22}},"16":{"start":{"line":25,"column":4},"end":{"line":25,"column":46}},"17":{"start":{"line":26,"column":4},"end":{"line":26,"column":44}},"18":{"start":{"line":27,"column":4},"end":{"line":27,"column":43}},"19":{"start":{"line":28,"column":4},"end":{"line":28,"column":72}},"20":{"start":{"line":29,"column":4},"end":{"line":29,"column":51}},"21":{"start":{"line":33,"column":4},"end":{"line":33,"column":80}},"22":{"start":{"line":33,"column":37},"end":{"line":33,"column":80}},"23":{"start":{"line":34,"column":4},"end":{"line":34,"column":30}},"24":{"start":{"line":38,"column":4},"end":{"line":38,"column":63}},"25":{"start":{"line":38,"column":43},"end":{"line":38,"column":58}},"26":{"start":{"line":42,"column":0},"end":{"line":42,"column":40}}},"fnMap":{"0":{"name":"(anonymous_0)","decl":{"start":{"line":2,"column":2},"end":{"line":2,"column":3}},"loc":{"start":{"line":2,"column":20},"end":{"line":6,"column":3}},"line":2},"1":{"name":"(anonymous_1)","decl":{"start":{"line":8,"column":2},"end":{"line":8,"column":3}},"loc":{"start":{"line":8,"column":18},"end":{"line":11,"column":3}},"line":8},"2":{"name":"(anonymous_2)","decl":{"start":{"line":13,"column":2},"end":{"line":13,"column":3}},"loc":{"start":{"line":13,"column":19},"end":{"line":17,"column":3}},"line":13},"3":{"name":"(anonymous_3)","decl":{"start":{"line":21,"column":2},"end":{"line":21,"column":3}},"loc":{"start":{"line":21,"column":34},"end":{"line":30,"column":3}},"line":21},"4":{"name":"(anonymous_4)","decl":{"start":{"line":32,"column":2},"end":{"line":32,"column":3}},"loc":{"start":{"line":32,"column":20},"end":{"line":35,"column":3}},"line":32},"5":{"name":"(anonymous_5)","decl":{"start":{"line":37,"column":2},"end":{"line":37,"column":3}},"loc":{"start":{"line":37,"column":21},"end":{"line":39,"column":3}},"line":37},"6":{"name":"(anonymous_6)","decl":{"start":{"line":38,"column":31},"end":{"line":38,"column":32}},"loc":{"start":{"line":38,"column":43},"end":{"line":38,"column":58}},"line":38}},"branchMap":{"0":{"loc":{"start":{"line":3,"column":4},"end":{"line":3,"column":58}},"type":"if","locations":[{"start":{"line":3,"column":4},"end":{"line":3,"column":58}},{"start":{},"end":{}}],"line":3},"1":{"loc":{"start":{"line":9,"column":4},"end":{"line":9,"column":72}},"type":"if","locations":[{"start":{"line":9,"column":4},"end":{"line":9,"column":72}},{"start":{},"end":{}}],"line":9},"2":{"loc":{"start":{"line":14,"column":4},"end":{"line":14,"column":73}},"type":"if","locations":[{"start":{"line":14,"column":4},"end":{"line":14,"column":73}},{"start":{},"end":{}}],"line":14},"3":{"loc":{"start":{"line":15,"column":4},"end":{"line":15,"column":71}},"type":"if","locations":[{"start":{"line":15,"column":4},"end":{"line":15,"column":71}},{"start":{},"end":{}}],"line":15},"4":{"loc":{"start":{"line":21,"column":20},"end":{"line":21,"column":32}},"type":"default-arg","locations":[{"start":{"line":21,"column":30},"end":{"line":21,"column":32}}],"line":21},"5":{"loc":{"start":{"line":22,"column":4},"end":{"line":22,"column":57}},"type":"if","locations":[{"start":{"line":22,"column":4},"end":{"line":22,"column":57}},{"start":{},"end":{}}],"line":22},"6":{"loc":{"start":{"line":25,"column":20},"end":{"line":25,"column":45}},"type":"binary-expr","locations":[{"start":{"line":25,"column":20},"end":{"line":25,"column":36}},{"start":{"line":25,"column":40},"end":{"line":25,"column":45}}],"line":25},"7":{"loc":{"start":{"line":26,"column":18},"end":{"line":26,"column":43}},"type":"binary-expr","locations":[{"start":{"line":26,"column":18},"end":{"line":26,"column":32}},{"start":{"line":26,"column":36},"end":{"line":26,"column":43}}],"line":26},"8":{"loc":{"start":{"line":27,"column":19},"end":{"line":27,"column":42}},"type":"binary-expr","locations":[{"start":{"line":27,"column":19},"end":{"line":27,"column":34}},{"start":{"line":27,"column":38},"end":{"line":27,"column":42}}],"line":27},"9":{"loc":{"start":{"line":28,"column":37},"end":{"line":28,"column":70}},"type":"binary-expr","locations":[{"start":{"line":28,"column":37},"end":{"line":28,"column":63}},{"start":{"line":28,"column":67},"end":{"line":28,"column":70}}],"line":28},"10":{"loc":{"start":{"line":29,"column":21},"end":{"line":29,"column":50}},"type":"binary-expr","locations":[{"start":{"line":29,"column":21},"end":{"line":29,"column":38}},{"start":{"line":29,"column":42},"end":{"line":29,"column":50}}],"line":29},"11":{"loc":{"start":{"line":33,"column":4},"end":{"line":33,"column":80}},"type":"if","locations":[{"start":{"line":33,"column":4},"end":{"line":33,"column":80}},{"start":{},"end":{}}],"line":33}},"s":{"0":3,"1":0,"2":3,"3":3,"4":3,"5":0,"6":3,"7":1,"8":0,"9":1,"10":0,"11":1,"12":1,"13":0,"14":1,"15":1,"16":1,"17":1,"18":1,"19":1,"20":1,"21":2,"22":0,"23":2,"24":1,"25":2,"26":2},"f":{"0":3,"1":3,"2":1,"3":1,"4":2,"5":1,"6":2},"b":{"0":[0,3],"1":[0,3],"2":[0,1],"3":[0,1],"4":[1],"5":[0,1],"6":[1,1],"7":[1,1],"8":[1,1],"9":[1,1],"10":[1,1],"11":[0,2]},"_coverageSchema":"1a1c01bbd47fc00a2c39e90264f33305004495a9","hash":"874450c5d4a70b84a3406051cb1e99deb2047a2c"}
,"C:\\Users\\aipri\\Documents\\Trykon\\osusu\\src\\server.js": {"path":"C:\\Users\\aipri\\Documents\\Trykon\\osusu\\src\\server.js","statementMap":{"0":{"start":{"line":1,"column":0},"end":{"line":1,"column":27}},"1":{"start":{"line":2,"column":16},"end":{"line":2,"column":34}},"2":{"start":{"line":3,"column":15},"end":{"line":3,"column":32}},"3":{"start":{"line":4,"column":15},"end":{"line":4,"column":32}},"4":{"start":{"line":5,"column":18},"end":{"line":5,"column":47}},"5":{"start":{"line":6,"column":12},"end":{"line":6,"column":35}},"6":{"start":{"line":7,"column":12},"end":{"line":7,"column":26}},"7":{"start":{"line":8,"column":15},"end":{"line":8,"column":34}},"8":{"start":{"line":9,"column":13},"end":{"line":9,"column":28}},"9":{"start":{"line":10,"column":11},"end":{"line":10,"column":24}},"10":{"start":{"line":11,"column":15},"end":{"line":11,"column":34}},"11":{"start":{"line":13,"column":12},"end":{"line":13,"column":21}},"12":{"start":{"line":16,"column":0},"end":{"line":19,"column":4}},"13":{"start":{"line":22,"column":13},"end":{"line":22,"column":28}},"14":{"start":{"line":23,"column":20},"end":{"line":31,"column":1}},"15":{"start":{"line":32,"column":0},"end":{"line":32,"column":27}},"16":{"start":{"line":34,"column":0},"end":{"line":34,"column":24}},"17":{"start":{"line":35,"column":0},"end":{"line":35,"column":76}},"18":{"start":{"line":39,"column":22},"end":{"line":45,"column":2}},"19":{"start":{"line":39,"column":76},"end":{"line":39,"column":82}},"20":{"start":{"line":46,"column":0},"end":{"line":46,"column":23}},"21":{"start":{"line":49,"column":31},"end":{"line":49,"column":62}},"22":{"start":{"line":51,"column":20},"end":{"line":56,"column":2}},"23":{"start":{"line":51,"column":65},"end":{"line":51,"column":71}},"24":{"start":{"line":58,"column":25},"end":{"line":62,"column":2}},"25":{"start":{"line":58,"column":70},"end":{"line":58,"column":76}},"26":{"start":{"line":64,"column":19},"end":{"line":64,"column":64}},"27":{"start":{"line":65,"column":23},"end":{"line":65,"column":27}},"28":{"start":{"line":66,"column":33},"end":{"line":66,"column":37}},"29":{"start":{"line":69,"column":16},"end":{"line":69,"column":34}},"30":{"start":{"line":70,"column":15},"end":{"line":86,"column":2}},"31":{"start":{"line":82,"column":65},"end":{"line":82,"column":102}},"32":{"start":{"line":89,"column":0},"end":{"line":92,"column":1}},"33":{"start":{"line":90,"column":2},"end":{"line":90,"column":85}},"34":{"start":{"line":91,"column":2},"end":{"line":91,"column":72}},"35":{"start":{"line":94,"column":19},"end":{"line":94,"column":71}},"36":{"start":{"line":94,"column":25},"end":{"line":94,"column":71}},"37":{"start":{"line":96,"column":22},"end":{"line":96,"column":136}},"38":{"start":{"line":96,"column":32},"end":{"line":96,"column":136}},"39":{"start":{"line":97,"column":29},"end":{"line":97,"column":170}},"40":{"start":{"line":97,"column":39},"end":{"line":97,"column":170}},"41":{"start":{"line":99,"column":26},"end":{"line":110,"column":1}},"42":{"start":{"line":100,"column":21},"end":{"line":100,"column":46}},"43":{"start":{"line":101,"column":2},"end":{"line":101,"column":90}},"44":{"start":{"line":101,"column":19},"end":{"line":101,"column":90}},"45":{"start":{"line":102,"column":16},"end":{"line":102,"column":40}},"46":{"start":{"line":103,"column":2},"end":{"line":103,"column":77}},"47":{"start":{"line":103,"column":14},"end":{"line":103,"column":77}},"48":{"start":{"line":105,"column":2},"end":{"line":109,"column":5}},"49":{"start":{"line":106,"column":4},"end":{"line":106,"column":80}},"50":{"start":{"line":106,"column":13},"end":{"line":106,"column":80}},"51":{"start":{"line":107,"column":4},"end":{"line":107,"column":23}},"52":{"start":{"line":108,"column":4},"end":{"line":108,"column":11}},"53":{"start":{"line":112,"column":20},"end":{"line":118,"column":1}},"54":{"start":{"line":112,"column":30},"end":{"line":118,"column":1}},"55":{"start":{"line":113,"column":2},"end":{"line":113,"column":90}},"56":{"start":{"line":113,"column":35},"end":{"line":113,"column":90}},"57":{"start":{"line":114,"column":16},"end":{"line":114,"column":47}},"58":{"start":{"line":115,"column":21},"end":{"line":115,"column":72}},"59":{"start":{"line":116,"column":2},"end":{"line":116,"column":71}},"60":{"start":{"line":116,"column":19},"end":{"line":116,"column":71}},"61":{"start":{"line":117,"column":2},"end":{"line":117,"column":9}},"62":{"start":{"line":120,"column":0},"end":{"line":161,"column":3}},"63":{"start":{"line":121,"column":2},"end":{"line":160,"column":3}},"64":{"start":{"line":123,"column":20},"end":{"line":123,"column":93}},"65":{"start":{"line":123,"column":88},"end":{"line":123,"column":92}},"66":{"start":{"line":124,"column":22},"end":{"line":124,"column":38}},"67":{"start":{"line":127,"column":19},"end":{"line":127,"column":40}},"68":{"start":{"line":128,"column":21},"end":{"line":133,"column":5}},"69":{"start":{"line":135,"column":19},"end":{"line":135,"column":35}},"70":{"start":{"line":136,"column":24},"end":{"line":136,"column":49}},"71":{"start":{"line":138,"column":4},"end":{"line":152,"column":7}},"72":{"start":{"line":154,"column":4},"end":{"line":159,"column":7}},"73":{"start":{"line":163,"column":0},"end":{"line":170,"column":3}},"74":{"start":{"line":164,"column":2},"end":{"line":169,"column":3}},"75":{"start":{"line":165,"column":4},"end":{"line":165,"column":28}},"76":{"start":{"line":166,"column":4},"end":{"line":166,"column":64}},"77":{"start":{"line":168,"column":4},"end":{"line":168,"column":58}},"78":{"start":{"line":172,"column":0},"end":{"line":189,"column":3}},"79":{"start":{"line":173,"column":17},"end":{"line":173,"column":184}},"80":{"start":{"line":174,"column":27},"end":{"line":174,"column":52}},"81":{"start":{"line":175,"column":2},"end":{"line":175,"column":78}},"82":{"start":{"line":175,"column":13},"end":{"line":175,"column":78}},"83":{"start":{"line":177,"column":16},"end":{"line":177,"column":41}},"84":{"start":{"line":178,"column":19},"end":{"line":178,"column":54}},"85":{"start":{"line":179,"column":2},"end":{"line":179,"column":83}},"86":{"start":{"line":179,"column":16},"end":{"line":179,"column":83}},"87":{"start":{"line":181,"column":23},"end":{"line":181,"column":60}},"88":{"start":{"line":182,"column":15},"end":{"line":182,"column":111}},"89":{"start":{"line":183,"column":2},"end":{"line":183,"column":32}},"90":{"start":{"line":185,"column":21},"end":{"line":185,"column":72}},"91":{"start":{"line":186,"column":16},"end":{"line":186,"column":41}},"92":{"start":{"line":187,"column":23},"end":{"line":187,"column":55}},"93":{"start":{"line":188,"column":2},"end":{"line":188,"column":73}},"94":{"start":{"line":191,"column":0},"end":{"line":207,"column":3}},"95":{"start":{"line":192,"column":17},"end":{"line":192,"column":113}},"96":{"start":{"line":193,"column":27},"end":{"line":193,"column":52}},"97":{"start":{"line":194,"column":2},"end":{"line":194,"column":78}},"98":{"start":{"line":194,"column":13},"end":{"line":194,"column":78}},"99":{"start":{"line":196,"column":16},"end":{"line":196,"column":41}},"100":{"start":{"line":197,"column":15},"end":{"line":197,"column":50}},"101":{"start":{"line":198,"column":2},"end":{"line":198,"column":81}},"102":{"start":{"line":198,"column":13},"end":{"line":198,"column":81}},"103":{"start":{"line":200,"column":16},"end":{"line":200,"column":71}},"104":{"start":{"line":201,"column":2},"end":{"line":201,"column":82}},"105":{"start":{"line":201,"column":14},"end":{"line":201,"column":82}},"106":{"start":{"line":203,"column":21},"end":{"line":203,"column":72}},"107":{"start":{"line":204,"column":16},"end":{"line":204,"column":41}},"108":{"start":{"line":205,"column":23},"end":{"line":205,"column":55}},"109":{"start":{"line":206,"column":2},"end":{"line":206,"column":61}},"110":{"start":{"line":209,"column":0},"end":{"line":235,"column":3}},"111":{"start":{"line":210,"column":2},"end":{"line":234,"column":3}},"112":{"start":{"line":211,"column":19},"end":{"line":211,"column":73}},"113":{"start":{"line":212,"column":29},"end":{"line":212,"column":54}},"114":{"start":{"line":213,"column":4},"end":{"line":213,"column":80}},"115":{"start":{"line":213,"column":15},"end":{"line":213,"column":80}},"116":{"start":{"line":215,"column":17},"end":{"line":215,"column":72}},"117":{"start":{"line":216,"column":4},"end":{"line":216,"column":73}},"118":{"start":{"line":216,"column":15},"end":{"line":216,"column":73}},"119":{"start":{"line":219,"column":23},"end":{"line":219,"column":104}},"120":{"start":{"line":222,"column":25},"end":{"line":222,"column":43}},"121":{"start":{"line":223,"column":24},"end":{"line":223,"column":89}},"122":{"start":{"line":225,"column":4},"end":{"line":231,"column":5}},"123":{"start":{"line":226,"column":6},"end":{"line":226,"column":78}},"124":{"start":{"line":227,"column":6},"end":{"line":227,"column":77}},"125":{"start":{"line":229,"column":6},"end":{"line":229,"column":104}},"126":{"start":{"line":230,"column":6},"end":{"line":230,"column":100}},"127":{"start":{"line":233,"column":4},"end":{"line":233,"column":14}},"128":{"start":{"line":241,"column":0},"end":{"line":252,"column":3}},"129":{"start":{"line":242,"column":27},"end":{"line":242,"column":35}},"130":{"start":{"line":243,"column":2},"end":{"line":243,"column":86}},"131":{"start":{"line":243,"column":21},"end":{"line":243,"column":86}},"132":{"start":{"line":245,"column":2},"end":{"line":251,"column":5}},"133":{"start":{"line":246,"column":4},"end":{"line":246,"column":107}},"134":{"start":{"line":246,"column":43},"end":{"line":246,"column":107}},"135":{"start":{"line":247,"column":17},"end":{"line":247,"column":87}},"136":{"start":{"line":248,"column":18},"end":{"line":248,"column":37}},"137":{"start":{"line":249,"column":29},"end":{"line":249,"column":55}},"138":{"start":{"line":250,"column":4},"end":{"line":250,"column":56}},"139":{"start":{"line":254,"column":0},"end":{"line":254,"column":76}},"140":{"start":{"line":254,"column":39},"end":{"line":254,"column":74}},"141":{"start":{"line":256,"column":0},"end":{"line":288,"column":3}},"142":{"start":{"line":257,"column":17},"end":{"line":265,"column":4}},"143":{"start":{"line":266,"column":27},"end":{"line":266,"column":52}},"144":{"start":{"line":267,"column":2},"end":{"line":267,"column":78}},"145":{"start":{"line":267,"column":13},"end":{"line":267,"column":78}},"146":{"start":{"line":269,"column":19},"end":{"line":269,"column":59}},"147":{"start":{"line":270,"column":2},"end":{"line":270,"column":79}},"148":{"start":{"line":270,"column":16},"end":{"line":270,"column":79}},"149":{"start":{"line":272,"column":16},"end":{"line":283,"column":3}},"150":{"start":{"line":285,"column":2},"end":{"line":285,"column":34}},"151":{"start":{"line":287,"column":2},"end":{"line":287,"column":67}},"152":{"start":{"line":290,"column":0},"end":{"line":305,"column":3}},"153":{"start":{"line":291,"column":20},"end":{"line":291,"column":40}},"154":{"start":{"line":292,"column":21},"end":{"line":292,"column":40}},"155":{"start":{"line":293,"column":2},"end":{"line":293,"column":84}},"156":{"start":{"line":293,"column":19},"end":{"line":293,"column":84}},"157":{"start":{"line":295,"column":16},"end":{"line":295,"column":55}},"158":{"start":{"line":296,"column":2},"end":{"line":296,"column":72}},"159":{"start":{"line":296,"column":14},"end":{"line":296,"column":72}},"160":{"start":{"line":298,"column":25},"end":{"line":298,"column":76}},"161":{"start":{"line":299,"column":2},"end":{"line":299,"column":86}},"162":{"start":{"line":299,"column":22},"end":{"line":299,"column":86}},"163":{"start":{"line":301,"column":17},"end":{"line":301,"column":110}},"164":{"start":{"line":302,"column":2},"end":{"line":302,"column":33}},"165":{"start":{"line":304,"column":2},"end":{"line":304,"column":65}},"166":{"start":{"line":307,"column":0},"end":{"line":324,"column":3}},"167":{"start":{"line":308,"column":36},"end":{"line":308,"column":46}},"168":{"start":{"line":309,"column":17},"end":{"line":309,"column":40}},"169":{"start":{"line":310,"column":2},"end":{"line":310,"column":96}},"170":{"start":{"line":310,"column":30},"end":{"line":310,"column":96}},"171":{"start":{"line":312,"column":16},"end":{"line":312,"column":55}},"172":{"start":{"line":313,"column":2},"end":{"line":313,"column":72}},"173":{"start":{"line":313,"column":14},"end":{"line":313,"column":72}},"174":{"start":{"line":315,"column":17},"end":{"line":315,"column":68}},"175":{"start":{"line":316,"column":2},"end":{"line":316,"column":74}},"176":{"start":{"line":316,"column":15},"end":{"line":316,"column":74}},"177":{"start":{"line":318,"column":21},"end":{"line":318,"column":65}},"178":{"start":{"line":319,"column":2},"end":{"line":319,"column":58}},"179":{"start":{"line":321,"column":2},"end":{"line":321,"column":141}},"180":{"start":{"line":323,"column":2},"end":{"line":323,"column":68}},"181":{"start":{"line":326,"column":0},"end":{"line":343,"column":3}},"182":{"start":{"line":327,"column":16},"end":{"line":327,"column":70}},"183":{"start":{"line":328,"column":2},"end":{"line":328,"column":72}},"184":{"start":{"line":328,"column":14},"end":{"line":328,"column":72}},"185":{"start":{"line":330,"column":23},"end":{"line":330,"column":88}},"186":{"start":{"line":330,"column":56},"end":{"line":330,"column":84}},"187":{"start":{"line":332,"column":2},"end":{"line":342,"column":5}},"188":{"start":{"line":345,"column":0},"end":{"line":385,"column":3}},"189":{"start":{"line":346,"column":2},"end":{"line":384,"column":3}},"190":{"start":{"line":347,"column":18},"end":{"line":347,"column":68}},"191":{"start":{"line":348,"column":4},"end":{"line":348,"column":74}},"192":{"start":{"line":348,"column":16},"end":{"line":348,"column":74}},"193":{"start":{"line":350,"column":20},"end":{"line":350,"column":97}},"194":{"start":{"line":351,"column":26},"end":{"line":351,"column":40}},"195":{"start":{"line":352,"column":4},"end":{"line":352,"column":107}},"196":{"start":{"line":352,"column":29},"end":{"line":352,"column":107}},"197":{"start":{"line":354,"column":21},"end":{"line":354,"column":82}},"198":{"start":{"line":355,"column":23},"end":{"line":355,"column":52}},"199":{"start":{"line":356,"column":22},"end":{"line":356,"column":70}},"200":{"start":{"line":357,"column":19},"end":{"line":357,"column":60}},"201":{"start":{"line":359,"column":18},"end":{"line":369,"column":5}},"202":{"start":{"line":372,"column":23},"end":{"line":372,"column":71}},"203":{"start":{"line":373,"column":4},"end":{"line":378,"column":7}},"204":{"start":{"line":380,"column":4},"end":{"line":380,"column":110}},"205":{"start":{"line":382,"column":4},"end":{"line":382,"column":79}},"206":{"start":{"line":383,"column":4},"end":{"line":383,"column":51}},"207":{"start":{"line":387,"column":0},"end":{"line":423,"column":3}},"208":{"start":{"line":388,"column":2},"end":{"line":422,"column":3}},"209":{"start":{"line":389,"column":22},"end":{"line":389,"column":40}},"210":{"start":{"line":390,"column":4},"end":{"line":390,"column":84}},"211":{"start":{"line":390,"column":20},"end":{"line":390,"column":84}},"212":{"start":{"line":392,"column":18},"end":{"line":392,"column":68}},"213":{"start":{"line":393,"column":4},"end":{"line":393,"column":74}},"214":{"start":{"line":393,"column":16},"end":{"line":393,"column":74}},"215":{"start":{"line":395,"column":18},"end":{"line":395,"column":63}},"216":{"start":{"line":396,"column":4},"end":{"line":396,"column":115}},"217":{"start":{"line":396,"column":43},"end":{"line":396,"column":115}},"218":{"start":{"line":398,"column":19},"end":{"line":398,"column":69}},"219":{"start":{"line":399,"column":4},"end":{"line":399,"column":86}},"220":{"start":{"line":399,"column":17},"end":{"line":399,"column":86}},"221":{"start":{"line":402,"column":19},"end":{"line":402,"column":105}},"222":{"start":{"line":404,"column":4},"end":{"line":409,"column":7}},"223":{"start":{"line":411,"column":4},"end":{"line":418,"column":7}},"224":{"start":{"line":420,"column":4},"end":{"line":420,"column":75}},"225":{"start":{"line":421,"column":4},"end":{"line":421,"column":51}},"226":{"start":{"line":425,"column":0},"end":{"line":450,"column":3}},"227":{"start":{"line":426,"column":16},"end":{"line":426,"column":70}},"228":{"start":{"line":427,"column":2},"end":{"line":427,"column":72}},"229":{"start":{"line":427,"column":14},"end":{"line":427,"column":72}},"230":{"start":{"line":429,"column":26},"end":{"line":429,"column":108}},"231":{"start":{"line":431,"column":2},"end":{"line":449,"column":5}},"232":{"start":{"line":452,"column":0},"end":{"line":463,"column":3}},"233":{"start":{"line":453,"column":21},"end":{"line":460,"column":19}},"234":{"start":{"line":462,"column":2},"end":{"line":462,"column":54}},"235":{"start":{"line":465,"column":0},"end":{"line":479,"column":3}},"236":{"start":{"line":466,"column":16},"end":{"line":466,"column":79}},"237":{"start":{"line":467,"column":16},"end":{"line":467,"column":76}},"238":{"start":{"line":468,"column":17},"end":{"line":468,"column":79}},"239":{"start":{"line":470,"column":18},"end":{"line":476,"column":4}},"240":{"start":{"line":478,"column":2},"end":{"line":478,"column":46}},"241":{"start":{"line":481,"column":0},"end":{"line":500,"column":3}},"242":{"start":{"line":482,"column":24},"end":{"line":482,"column":99}},"243":{"start":{"line":483,"column":17},"end":{"line":489,"column":4}},"244":{"start":{"line":491,"column":14},"end":{"line":497,"column":4}},"245":{"start":{"line":499,"column":2},"end":{"line":499,"column":43}},"246":{"start":{"line":502,"column":0},"end":{"line":575,"column":3}},"247":{"start":{"line":503,"column":19},"end":{"line":503,"column":50}},"248":{"start":{"line":504,"column":2},"end":{"line":506,"column":3}},"249":{"start":{"line":505,"column":4},"end":{"line":505,"column":111}},"250":{"start":{"line":508,"column":14},"end":{"line":508,"column":47}},"251":{"start":{"line":509,"column":17},"end":{"line":509,"column":32}},"252":{"start":{"line":510,"column":2},"end":{"line":510,"column":26}},"253":{"start":{"line":512,"column":22},"end":{"line":512,"column":23}},"254":{"start":{"line":513,"column":16},"end":{"line":513,"column":207}},"255":{"start":{"line":513,"column":49},"end":{"line":513,"column":205}},"256":{"start":{"line":514,"column":2},"end":{"line":517,"column":3}},"257":{"start":{"line":515,"column":4},"end":{"line":515,"column":31}},"258":{"start":{"line":516,"column":4},"end":{"line":516,"column":20}},"259":{"start":{"line":519,"column":17},"end":{"line":519,"column":36}},"260":{"start":{"line":520,"column":2},"end":{"line":572,"column":3}},"261":{"start":{"line":521,"column":18},"end":{"line":532,"column":5}},"262":{"start":{"line":533,"column":4},"end":{"line":533,"column":36}},"263":{"start":{"line":534,"column":4},"end":{"line":534,"column":20}},"264":{"start":{"line":535,"column":4},"end":{"line":547,"column":5}},"265":{"start":{"line":536,"column":6},"end":{"line":546,"column":7}},"266":{"start":{"line":537,"column":23},"end":{"line":537,"column":134}},"267":{"start":{"line":538,"column":8},"end":{"line":538,"column":39}},"268":{"start":{"line":539,"column":8},"end":{"line":539,"column":24}},"269":{"start":{"line":540,"column":8},"end":{"line":545,"column":9}},"270":{"start":{"line":541,"column":10},"end":{"line":544,"column":11}},"271":{"start":{"line":542,"column":12},"end":{"line":542,"column":179}},"272":{"start":{"line":543,"column":12},"end":{"line":543,"column":28}},"273":{"start":{"line":548,"column":4},"end":{"line":571,"column":5}},"274":{"start":{"line":549,"column":6},"end":{"line":570,"column":7}},"275":{"start":{"line":550,"column":22},"end":{"line":560,"column":9}},"276":{"start":{"line":561,"column":8},"end":{"line":561,"column":41}},"277":{"start":{"line":562,"column":8},"end":{"line":562,"column":24}},"278":{"start":{"line":563,"column":8},"end":{"line":569,"column":9}},"279":{"start":{"line":564,"column":28},"end":{"line":564,"column":80}},"280":{"start":{"line":565,"column":10},"end":{"line":568,"column":11}},"281":{"start":{"line":566,"column":12},"end":{"line":566,"column":114}},"282":{"start":{"line":567,"column":12},"end":{"line":567,"column":101}},"283":{"start":{"line":574,"column":2},"end":{"line":574,"column":78}},"284":{"start":{"line":578,"column":0},"end":{"line":615,"column":3}},"285":{"start":{"line":579,"column":2},"end":{"line":614,"column":3}},"286":{"start":{"line":580,"column":22},"end":{"line":580,"column":77}},"287":{"start":{"line":581,"column":23},"end":{"line":581,"column":79}},"288":{"start":{"line":582,"column":24},"end":{"line":582,"column":87}},"289":{"start":{"line":583,"column":23},"end":{"line":583,"column":79}},"290":{"start":{"line":584,"column":24},"end":{"line":584,"column":105}},"291":{"start":{"line":586,"column":28},"end":{"line":586,"column":75}},"292":{"start":{"line":587,"column":21},"end":{"line":587,"column":114}},"293":{"start":{"line":588,"column":22},"end":{"line":596,"column":6}},"294":{"start":{"line":598,"column":4},"end":{"line":598,"column":119}},"295":{"start":{"line":600,"column":4},"end":{"line":611,"column":7}},"296":{"start":{"line":613,"column":4},"end":{"line":613,"column":14}},"297":{"start":{"line":617,"column":0},"end":{"line":625,"column":3}},"298":{"start":{"line":618,"column":2},"end":{"line":624,"column":3}},"299":{"start":{"line":619,"column":18},"end":{"line":619,"column":44}},"300":{"start":{"line":620,"column":4},"end":{"line":620,"column":109}},"301":{"start":{"line":621,"column":4},"end":{"line":621,"column":45}},"302":{"start":{"line":623,"column":4},"end":{"line":623,"column":14}},"303":{"start":{"line":627,"column":0},"end":{"line":638,"column":3}},"304":{"start":{"line":628,"column":2},"end":{"line":637,"column":3}},"305":{"start":{"line":629,"column":18},"end":{"line":629,"column":62}},"306":{"start":{"line":630,"column":4},"end":{"line":632,"column":5}},"307":{"start":{"line":631,"column":6},"end":{"line":631,"column":63}},"308":{"start":{"line":633,"column":4},"end":{"line":633,"column":121}},"309":{"start":{"line":634,"column":4},"end":{"line":634,"column":20}},"310":{"start":{"line":636,"column":4},"end":{"line":636,"column":14}},"311":{"start":{"line":640,"column":0},"end":{"line":664,"column":3}},"312":{"start":{"line":641,"column":2},"end":{"line":663,"column":3}},"313":{"start":{"line":642,"column":21},"end":{"line":642,"column":29}},"314":{"start":{"line":643,"column":4},"end":{"line":643,"column":74}},"315":{"start":{"line":643,"column":15},"end":{"line":643,"column":74}},"316":{"start":{"line":645,"column":20},"end":{"line":645,"column":93}},"317":{"start":{"line":646,"column":4},"end":{"line":646,"column":75}},"318":{"start":{"line":646,"column":18},"end":{"line":646,"column":75}},"319":{"start":{"line":648,"column":20},"end":{"line":648,"column":72}},"320":{"start":{"line":650,"column":4},"end":{"line":658,"column":6}},"321":{"start":{"line":660,"column":4},"end":{"line":660,"column":57}},"322":{"start":{"line":662,"column":4},"end":{"line":662,"column":14}},"323":{"start":{"line":666,"column":0},"end":{"line":691,"column":3}},"324":{"start":{"line":667,"column":2},"end":{"line":690,"column":3}},"325":{"start":{"line":668,"column":4},"end":{"line":670,"column":5}},"326":{"start":{"line":669,"column":6},"end":{"line":669,"column":79}},"327":{"start":{"line":672,"column":17},"end":{"line":672,"column":90}},"328":{"start":{"line":673,"column":4},"end":{"line":673,"column":72}},"329":{"start":{"line":673,"column":15},"end":{"line":673,"column":72}},"330":{"start":{"line":675,"column":4},"end":{"line":675,"column":76}},"331":{"start":{"line":677,"column":4},"end":{"line":685,"column":6}},"332":{"start":{"line":687,"column":4},"end":{"line":687,"column":69}},"333":{"start":{"line":689,"column":4},"end":{"line":689,"column":14}},"334":{"start":{"line":693,"column":0},"end":{"line":701,"column":3}},"335":{"start":{"line":694,"column":2},"end":{"line":700,"column":3}},"336":{"start":{"line":695,"column":19},"end":{"line":695,"column":51}},"337":{"start":{"line":696,"column":4},"end":{"line":696,"column":110}},"338":{"start":{"line":697,"column":4},"end":{"line":697,"column":47}},"339":{"start":{"line":699,"column":4},"end":{"line":699,"column":14}},"340":{"start":{"line":703,"column":0},"end":{"line":713,"column":3}},"341":{"start":{"line":704,"column":2},"end":{"line":712,"column":3}},"342":{"start":{"line":705,"column":25},"end":{"line":705,"column":78}},"343":{"start":{"line":706,"column":4},"end":{"line":706,"column":81}},"344":{"start":{"line":706,"column":23},"end":{"line":706,"column":81}},"345":{"start":{"line":708,"column":4},"end":{"line":708,"column":123}},"346":{"start":{"line":709,"column":4},"end":{"line":709,"column":27}},"347":{"start":{"line":711,"column":4},"end":{"line":711,"column":14}},"348":{"start":{"line":715,"column":0},"end":{"line":750,"column":3}},"349":{"start":{"line":716,"column":2},"end":{"line":749,"column":3}},"350":{"start":{"line":717,"column":71},"end":{"line":717,"column":79}},"351":{"start":{"line":718,"column":18},"end":{"line":718,"column":93}},"352":{"start":{"line":719,"column":4},"end":{"line":719,"column":74}},"353":{"start":{"line":719,"column":16},"end":{"line":719,"column":74}},"354":{"start":{"line":721,"column":20},"end":{"line":721,"column":22}},"355":{"start":{"line":722,"column":4},"end":{"line":725,"column":5}},"356":{"start":{"line":723,"column":6},"end":{"line":723,"column":94}},"357":{"start":{"line":724,"column":6},"end":{"line":724,"column":52}},"358":{"start":{"line":726,"column":4},"end":{"line":729,"column":5}},"359":{"start":{"line":727,"column":6},"end":{"line":727,"column":102}},"360":{"start":{"line":728,"column":6},"end":{"line":728,"column":64}},"361":{"start":{"line":730,"column":4},"end":{"line":733,"column":5}},"362":{"start":{"line":731,"column":6},"end":{"line":731,"column":100}},"363":{"start":{"line":732,"column":6},"end":{"line":732,"column":61}},"364":{"start":{"line":734,"column":4},"end":{"line":737,"column":5}},"365":{"start":{"line":735,"column":6},"end":{"line":735,"column":104}},"366":{"start":{"line":736,"column":6},"end":{"line":736,"column":67}},"367":{"start":{"line":738,"column":4},"end":{"line":741,"column":5}},"368":{"start":{"line":739,"column":6},"end":{"line":739,"column":122}},"369":{"start":{"line":740,"column":6},"end":{"line":740,"column":94}},"370":{"start":{"line":743,"column":4},"end":{"line":743,"column":128}},"371":{"start":{"line":745,"column":20},"end":{"line":745,"column":95}},"372":{"start":{"line":746,"column":4},"end":{"line":746,"column":59}},"373":{"start":{"line":748,"column":4},"end":{"line":748,"column":14}},"374":{"start":{"line":752,"column":0},"end":{"line":770,"column":3}},"375":{"start":{"line":753,"column":2},"end":{"line":769,"column":3}},"376":{"start":{"line":754,"column":19},"end":{"line":754,"column":70}},"377":{"start":{"line":756,"column":4},"end":{"line":764,"column":6}},"378":{"start":{"line":766,"column":4},"end":{"line":766,"column":54}},"379":{"start":{"line":768,"column":4},"end":{"line":768,"column":14}},"380":{"start":{"line":772,"column":0},"end":{"line":784,"column":3}},"381":{"start":{"line":773,"column":2},"end":{"line":783,"column":3}},"382":{"start":{"line":774,"column":17},"end":{"line":778,"column":6}},"383":{"start":{"line":780,"column":4},"end":{"line":780,"column":43}},"384":{"start":{"line":782,"column":4},"end":{"line":782,"column":14}},"385":{"start":{"line":787,"column":0},"end":{"line":813,"column":3}},"386":{"start":{"line":788,"column":2},"end":{"line":812,"column":3}},"387":{"start":{"line":789,"column":22},"end":{"line":791,"column":6}},"388":{"start":{"line":793,"column":24},"end":{"line":805,"column":5}},"389":{"start":{"line":807,"column":4},"end":{"line":807,"column":124}},"390":{"start":{"line":809,"column":4},"end":{"line":809,"column":26}},"391":{"start":{"line":811,"column":4},"end":{"line":811,"column":14}},"392":{"start":{"line":815,"column":0},"end":{"line":828,"column":3}},"393":{"start":{"line":816,"column":2},"end":{"line":827,"column":3}},"394":{"start":{"line":817,"column":18},"end":{"line":817,"column":44}},"395":{"start":{"line":818,"column":22},"end":{"line":821,"column":8}},"396":{"start":{"line":818,"column":64},"end":{"line":821,"column":5}},"397":{"start":{"line":823,"column":4},"end":{"line":823,"column":113}},"398":{"start":{"line":824,"column":4},"end":{"line":824,"column":60}},"399":{"start":{"line":826,"column":4},"end":{"line":826,"column":14}},"400":{"start":{"line":830,"column":0},"end":{"line":854,"column":3}},"401":{"start":{"line":831,"column":2},"end":{"line":853,"column":3}},"402":{"start":{"line":832,"column":21},"end":{"line":832,"column":29}},"403":{"start":{"line":833,"column":4},"end":{"line":833,"column":74}},"404":{"start":{"line":833,"column":15},"end":{"line":833,"column":74}},"405":{"start":{"line":835,"column":20},"end":{"line":835,"column":93}},"406":{"start":{"line":836,"column":4},"end":{"line":836,"column":75}},"407":{"start":{"line":836,"column":18},"end":{"line":836,"column":75}},"408":{"start":{"line":838,"column":20},"end":{"line":838,"column":72}},"409":{"start":{"line":840,"column":4},"end":{"line":848,"column":6}},"410":{"start":{"line":850,"column":4},"end":{"line":850,"column":62}},"411":{"start":{"line":852,"column":4},"end":{"line":852,"column":14}},"412":{"start":{"line":856,"column":0},"end":{"line":877,"column":3}},"413":{"start":{"line":857,"column":2},"end":{"line":876,"column":3}},"414":{"start":{"line":858,"column":19},"end":{"line":870,"column":5}},"415":{"start":{"line":872,"column":4},"end":{"line":872,"column":117}},"416":{"start":{"line":873,"column":4},"end":{"line":873,"column":21}},"417":{"start":{"line":875,"column":4},"end":{"line":875,"column":14}},"418":{"start":{"line":879,"column":0},"end":{"line":893,"column":3}},"419":{"start":{"line":880,"column":2},"end":{"line":892,"column":3}},"420":{"start":{"line":881,"column":17},"end":{"line":887,"column":6}},"421":{"start":{"line":889,"column":4},"end":{"line":889,"column":43}},"422":{"start":{"line":891,"column":4},"end":{"line":891,"column":14}},"423":{"start":{"line":895,"column":0},"end":{"line":913,"column":3}},"424":{"start":{"line":896,"column":2},"end":{"line":912,"column":3}},"425":{"start":{"line":897,"column":19},"end":{"line":897,"column":70}},"426":{"start":{"line":899,"column":4},"end":{"line":907,"column":6}},"427":{"start":{"line":909,"column":4},"end":{"line":909,"column":60}},"428":{"start":{"line":911,"column":4},"end":{"line":911,"column":14}},"429":{"start":{"line":915,"column":0},"end":{"line":954,"column":3}},"430":{"start":{"line":916,"column":2},"end":{"line":953,"column":3}},"431":{"start":{"line":917,"column":22},"end":{"line":947,"column":5}},"432":{"start":{"line":949,"column":4},"end":{"line":949,"column":113}},"433":{"start":{"line":950,"column":4},"end":{"line":950,"column":24}},"434":{"start":{"line":952,"column":4},"end":{"line":952,"column":14}},"435":{"start":{"line":957,"column":0},"end":{"line":971,"column":3}},"436":{"start":{"line":958,"column":21},"end":{"line":958,"column":56}},"437":{"start":{"line":959,"column":16},"end":{"line":959,"column":53}},"438":{"start":{"line":961,"column":2},"end":{"line":966,"column":5}},"439":{"start":{"line":969,"column":18},"end":{"line":969,"column":63}},"440":{"start":{"line":970,"column":2},"end":{"line":970,"column":86}},"441":{"start":{"line":974,"column":0},"end":{"line":976,"column":3}},"442":{"start":{"line":975,"column":2},"end":{"line":975,"column":47}},"443":{"start":{"line":978,"column":20},"end":{"line":1025,"column":1}},"444":{"start":{"line":979,"column":2},"end":{"line":1024,"column":3}},"445":{"start":{"line":980,"column":4},"end":{"line":980,"column":24}},"446":{"start":{"line":981,"column":17},"end":{"line":981,"column":41}},"447":{"start":{"line":983,"column":19},"end":{"line":985,"column":6}},"448":{"start":{"line":984,"c
[...]
"line":101,"column":35},"end":{"line":101,"column":80}},"line":101},"4":{"name":"(anonymous_4)","decl":{"start":{"line":102,"column":19},"end":{"line":102,"column":20}},"loc":{"start":{"line":102,"column":82},"end":{"line":108,"column":1}},"line":102},"5":{"name":"(anonymous_5)","decl":{"start":{"line":110,"column":20},"end":{"line":110,"column":21}},"loc":{"start":{"line":110,"column":37},"end":{"line":127,"column":1}},"line":110},"6":{"name":"(anonymous_6)","decl":{"start":{"line":129,"column":24},"end":{"line":129,"column":25}},"loc":{"start":{"line":129,"column":40},"end":{"line":129,"column":90}},"line":129},"7":{"name":"(anonymous_7)","decl":{"start":{"line":131,"column":18},"end":{"line":131,"column":19}},"loc":{"start":{"line":131,"column":61},"end":{"line":134,"column":1}},"line":131},"8":{"name":"(anonymous_8)","decl":{"start":{"line":136,"column":25},"end":{"line":136,"column":26}},"loc":{"start":{"line":136,"column":50},"end":{"line":136,"column":132}},"line":136},"9":{"name":"(anonymous_9)","decl":{"start":{"line":138,"column":28},"end":{"line":138,"column":29}},"loc":{"start":{"line":138,"column":57},"end":{"line":141,"column":1}},"line":138},"10":{"name":"(anonymous_10)","decl":{"start":{"line":143,"column":27},"end":{"line":143,"column":28}},"loc":{"start":{"line":143,"column":83},"end":{"line":145,"column":1}},"line":143},"11":{"name":"(anonymous_11)","decl":{"start":{"line":147,"column":28},"end":{"line":147,"column":29}},"loc":{"start":{"line":147,"column":44},"end":{"line":153,"column":1}},"line":147},"12":{"name":"(anonymous_12)","decl":{"start":{"line":155,"column":21},"end":{"line":155,"column":22}},"loc":{"start":{"line":155,"column":38},"end":{"line":173,"column":1}},"line":155},"13":{"name":"(anonymous_13)","decl":{"start":{"line":175,"column":31},"end":{"line":175,"column":32}},"loc":{"start":{"line":175,"column":50},"end":{"line":175,"column":138}},"line":175},"14":{"name":"(anonymous_14)","decl":{"start":{"line":177,"column":22},"end":{"line":177,"column":23}},"loc":{"start":{"line":177,"column":73},"end":{"line":180,"column":1}},"line":177},"15":{"name":"(anonymous_15)","decl":{"start":{"line":182,"column":25},"end":{"line":182,"column":26}},"loc":{"start":{"line":182,"column":43},"end":{"line":204,"column":1}},"line":182},"16":{"name":"(anonymous_16)","decl":{"start":{"line":207,"column":24},"end":{"line":207,"column":25}},"loc":{"start":{"line":207,"column":44},"end":{"line":217,"column":1}},"line":207},"17":{"name":"(anonymous_17)","decl":{"start":{"line":220,"column":27},"end":{"line":220,"column":28}},"loc":{"start":{"line":220,"column":53},"end":{"line":250,"column":1}},"line":220},"18":{"name":"(anonymous_18)","decl":{"start":{"line":221,"column":25},"end":{"line":221,"column":26}},"loc":{"start":{"line":221,"column":37},"end":{"line":249,"column":3}},"line":221},"19":{"name":"(anonymous_19)","decl":{"start":{"line":253,"column":21},"end":{"line":253,"column":22}},"loc":{"start":{"line":253,"column":66},"end":{"line":279,"column":1}},"line":253},"20":{"name":"(anonymous_20)","decl":{"start":{"line":254,"column":25},"end":{"line":254,"column":26}},"loc":{"start":{"line":254,"column":37},"end":{"line":278,"column":3}},"line":254},"21":{"name":"(anonymous_21)","decl":{"start":{"line":284,"column":23},"end":{"line":284,"column":24}},"loc":{"start":{"line":284,"column":159},"end":{"line":302,"column":1}},"line":284},"22":{"name":"(anonymous_22)","decl":{"start":{"line":304,"column":21},"end":{"line":304,"column":22}},"loc":{"start":{"line":304,"column":45},"end":{"line":332,"column":1}},"line":304},"23":{"name":"(anonymous_23)","decl":{"start":{"line":335,"column":20},"end":{"line":335,"column":21}},"loc":{"start":{"line":335,"column":32},"end":{"line":337,"column":1}},"line":335},"24":{"name":"(anonymous_24)","decl":{"start":{"line":339,"column":23},"end":{"line":339,"column":24}},"loc":{"start":{"line":339,"column":50},"end":{"line":345,"column":1}},"line":339},"25":{"name":"(anonymous_25)","decl":{"start":{"line":347,"column":21},"end":{"line":347,"column":22}},"loc":{"start":{"line":347,"column":39},"end":{"line":357,"column":1}},"line":347},"26":{"name":"(anonymous_26)","decl":{"start":{"line":359,"column":26},"end":{"line":359,"column":27}},"loc":{"start":{"line":359,"column":38},"end":{"line":375,"column":1}},"line":359},"27":{"name":"(anonymous_27)","decl":{"start":{"line":377,"column":29},"end":{"line":377,"column":30}},"loc":{"start":{"line":377,"column":48},"end":{"line":396,"column":1}},"line":377},"28":{"name":"(anonymous_28)","decl":{"start":{"line":398,"column":27},"end":{"line":398,"column":28}},"loc":{"start":{"line":398,"column":46},"end":{"line":411,"column":1}},"line":398},"29":{"name":"(anonymous_29)","decl":{"start":{"line":399,"column":25},"end":{"line":399,"column":26}},"loc":{"start":{"line":399,"column":37},"end":{"line":410,"column":3}},"line":399},"30":{"name":"(anonymous_30)","decl":{"start":{"line":435,"column":9},"end":{"line":435,"column":10}},"loc":{"start":{"line":435,"column":15},"end":{"line":435,"column":95}},"line":435},"31":{"name":"(anonymous_31)","decl":{"start":{"line":435,"column":27},"end":{"line":435,"column":28}},"loc":{"start":{"line":435,"column":48},"end":{"line":435,"column":94}},"line":435},"32":{"name":"(anonymous_32)","decl":{"start":{"line":435,"column":57},"end":{"line":435,"column":58}},"loc":{"start":{"line":435,"column":64},"end":{"line":435,"column":93}},"line":435}},"branchMap":{"0":{"loc":{"start":{"line":8,"column":0},"end":{"line":8,"column":76}},"type":"if","locations":[{"start":{"line":8,"column":0},"end":{"line":8,"column":76}},{"start":{},"end":{}}],"line":8},"1":{"loc":{"start":{"line":102,"column":53},"end":{"line":102,"column":64}},"type":"default-arg","locations":[{"start":{"line":102,"column":58},"end":{"line":102,"column":64}}],"line":102},"2":{"loc":{"start":{"line":122,"column":6},"end":{"line":122,"column":27}},"type":"binary-expr","locations":[{"start":{"line":122,"column":6},"end":{"line":122,"column":22}},{"start":{"line":122,"column":26},"end":{"line":122,"column":27}}],"line":122},"3":{"loc":{"start":{"line":149,"column":2},"end":{"line":149,"column":26}},"type":"if","locations":[{"start":{"line":149,"column":2},"end":{"line":149,"column":26}},{"start":{},"end":{}}],"line":149},"4":{"loc":{"start":{"line":224,"column":4},"end":{"line":224,"column":51}},"type":"if","locations":[{"start":{"line":224,"column":4},"end":{"line":224,"column":51}},{"start":{},"end":{}}],"line":224},"5":{"loc":{"start":{"line":228,"column":4},"end":{"line":228,"column":69}},"type":"if","locations":[{"start":{"line":228,"column":4},"end":{"line":228,"column":69}},{"start":{},"end":{}}],"line":228},"6":{"loc":{"start":{"line":257,"column":4},"end":{"line":257,"column":51}},"type":"if","locations":[{"start":{"line":257,"column":4},"end":{"line":257,"column":51}},{"start":{},"end":{}}],"line":257},"7":{"loc":{"start":{"line":258,"column":4},"end":{"line":258,"column":71}},"type":"if","locations":[{"start":{"line":258,"column":4},"end":{"line":258,"column":71}},{"start":{},"end":{}}],"line":258},"8":{"loc":{"start":{"line":262,"column":4},"end":{"line":262,"column":53}},"type":"if","locations":[{"start":{"line":262,"column":4},"end":{"line":262,"column":53}},{"start":{},"end":{}}],"line":262},"9":{"loc":{"start":{"line":284,"column":56},"end":{"line":284,"column":73}},"type":"default-arg","locations":[{"start":{"line":284,"column":69},"end":{"line":284,"column":73}}],"line":284},"10":{"loc":{"start":{"line":284,"column":75},"end":{"line":284,"column":89}},"type":"default-arg","locations":[{"start":{"line":284,"column":85},"end":{"line":284,"column":89}}],"line":284},"11":{"loc":{"start":{"line":284,"column":91},"end":{"line":284,"column":100}},"type":"default-arg","locations":[{"start":{"line":284,"column":96},"end":{"line":284,"column":100}}],"line":284},"12":{"loc":{"start":{"line":284,"column":102},"end":{"line":284,"column":118}},"type":"default-arg","locations":[{"start":{"line":284,"column":114},"end":{"line":284,"column":118}}],"line":284},"13":{"loc":{"start":{"line":284,"column":120},"end":{"line":284,"column":138}},"type":"default-arg","locations":[{"start":{"line":284,"column":129},"end":{"line":284,"column":138}}],"line":284},"14":{"loc":{"start":{"line":284,"column":140},"end":{"line":284,"column":154}},"type":"default-arg","locations":[{"start":{"line":284,"column":150},"end":{"line":284,"column":154}}],"line":284},"15":{"loc":{"start":{"line":294,"column":6},"end":{"line":294,"column":46}},"type":"cond-expr","locations":[{"start":{"line":294,"column":16},"end":{"line":294,"column":39}},{"start":{"line":294,"column":42},"end":{"line":294,"column":46}}],"line":294},"16":{"loc":{"start":{"line":304,"column":28},"end":{"line":304,"column":40}},"type":"default-arg","locations":[{"start":{"line":304,"column":38},"end":{"line":304,"column":40}}],"line":304},"17":{"loc":{"start":{"line":308,"column":2},"end":{"line":311,"column":3}},"type":"if","locations":[{"start":{"line":308,"column":2},"end":{"line":311,"column":3}},{"start":{},"end":{}}],"line":308},"18":{"loc":{"start":{"line":312,"column":2},"end":{"line":315,"column":3}},"type":"if","locations":[{"start":{"line":312,"column":2},"end":{"line":315,"column":3}},{"start":{},"end":{}}],"line":312},"19":{"loc":{"start":{"line":316,"column":2},"end":{"line":319,"column":3}},"type":"if","locations":[{"start":{"line":316,"column":2},"end":{"line":319,"column":3}},{"start":{},"end":{}}],"line":316},"20":{"loc":{"start":{"line":320,"column":2},"end":{"line":323,"column":3}},"type":"if","locations":[{"start":{"line":320,"column":2},"end":{"line":323,"column":3}},{"start":{},"end":{}}],"line":320},"21":{"loc":{"start":{"line":324,"column":2},"end":{"line":327,"column":3}},"type":"if","locations":[{"start":{"line":324,"column":2},"end":{"line":327,"column":3}},{"start":{},"end":{}}],"line":324},"22":{"loc":{"start":{"line":340,"column":2},"end":{"line":342,"column":3}},"type":"if","locations":[{"start":{"line":340,"column":2},"end":{"line":342,"column":3}},{"start":{},"end":{}}],"line":340},"23":{"loc":{"start":{"line":354,"column":16},"end":{"line":354,"column":38}},"type":"binary-expr","locations":[{"start":{"line":354,"column":16},"end":{"line":354,"column":33}},{"start":{"line":354,"column":37},"end":{"line":354,"column":38}}],"line":354},"24":{"loc":{"start":{"line":355,"column":24},"end":{"line":355,"column":49}},"type":"binary-expr","locations":[{"start":{"line":355,"column":24},"end":{"line":355,"column":44}},{"start":{"line":355,"column":48},"end":{"line":355,"column":49}}],"line":355},"25":{"loc":{"start":{"line":390,"column":2},"end":{"line":390,"column":26}},"type":"if","locations":[{"start":{"line":390,"column":2},"end":{"line":390,"column":26}},{"start":{},"end":{}}],"line":390},"26":{"loc":{"start":{"line":401,"column":4},"end":{"line":401,"column":51}},"type":"if","locations":[{"start":{"line":401,"column":4},"end":{"line":401,"column":51}},{"start":{},"end":{}}],"line":401},"27":{"loc":{"start":{"line":435,"column":64},"end":{"line":435,"column":93}},"type":"cond-expr","locations":[{"start":{"line":435,"column":70},"end":{"line":435,"column":81}},{"start":{"line":435,"column":84},"end":{"line":435,"column":93}}],"line":435}},"s":{"0":1,"1":1,"2":1,"3":1,"4":1,"5":1,"6":1,"7":0,"8":1,"9":1,"10":1,"11":1,"12":1,"13":0,"14":0,"15":0,"16":0,"17":0,"18":0,"19":0,"20":1,"21":5,"22":5,"23":5,"24":5,"25":5,"26":1,"27":6,"28":1,"29":6,"30":1,"31":6,"32":6,"33":1,"34":4,"35":4,"36":1,"37":10,"38":1,"39":2,"40":2,"41":1,"42":4,"43":1,"44":2,"45":2,"46":1,"47":2,"48":1,"49":2,"50":2,"51":0,"52":2,"53":2,"54":2,"55":1,"56":0,"57":0,"58":1,"59":0,"60":1,"61":0,"62":0,"63":1,"64":0,"65":0,"66":0,"67":1,"68":0,"69":0,"70":0,"71":0,"72":0,"73":0,"74":0,"75":1,"76":0,"77":0,"78":0,"79":0,"80":0,"81":0,"82":0,"83":0,"84":0,"85":1,"86":0,"87":0,"88":0,"89":0,"90":0,"91":0,"92":0,"93":0,"94":0,"95":0,"96":0,"97":0,"98":0,"99":1,"100":1,"101":0,"102":1,"103":0,"104":0,"105":0,"106":0,"107":0,"108":0,"109":0,"110":0,"111":0,"112":0,"113":0,"114":0,"115":0,"116":0,"117":0,"118":0,"119":0,"120":0,"121":0,"122":1,"123":0,"124":1,"125":0,"126":0,"127":0,"128":0,"129":1,"130":0,"131":0,"132":0,"133":0,"134":1,"135":0,"136":0,"137":1,"138":0,"139":0,"140":0,"141":0,"142":0,"143":0,"144":1,"145":0,"146":0,"147":0,"148":0,"149":0,"150":0,"151":0,"152":0,"153":0,"154":1,"155":0,"156":0,"157":0},"f":{"0":0,"1":5,"2":6,"3":6,"4":6,"5":4,"6":10,"7":2,"8":4,"9":2,"10":2,"11":2,"12":0,"13":0,"14":0,"15":0,"16":0,"17":0,"18":0,"19":0,"20":0,"21":0,"22":0,"23":0,"24":0,"25":0,"26":0,"27":0,"28":0,"29":0,"30":0,"31":0,"32":0},"b":{"0":[0,1],"1":[0],"2":[4,0],"3":[0,2],"4":[0,0],"5":[0,0],"6":[0,0],"7":[0,0],"8":[0,0],"9":[0],"10":[0],"11":[0],"12":[0],"13":[0],"14":[0],"15":[0,0],"16":[0],"17":[0,0],"18":[0,0],"19":[0,0],"20":[0,0],"21":[0,0],"22":[0,0],"23":[0,0],"24":[0,0],"25":[0,0],"26":[0,0],"27":[0,0]},"_coverageSchema":"1a1c01bbd47fc00a2c39e90264f33305004495a9","hash":"1e62b1676ee77a4490f776e3135fa6621870871a"}
,"C:\\Users\\aipri\\Documents\\Trykon\\osusu\\src\\ssl.js": {"path":"C:\\Users\\aipri\\Documents\\Trykon\\osusu\\src\\ssl.js","statementMap":{"0":{"start":{"line":6,"column":11},"end":{"line":6,"column":24}},"1":{"start":{"line":7,"column":13},"end":{"line":7,"column":28}},"2":{"start":{"line":8,"column":14},"end":{"line":8,"column":30}},"3":{"start":{"line":9,"column":15},"end":{"line":9,"column":34}},"4":{"start":{"line":11,"column":22},"end":{"line":11,"column":47}},"5":{"start":{"line":12,"column":21},"end":{"line":12,"column":45}},"6":{"start":{"line":13,"column":20},"end":{"line":13,"column":95}},"7":{"start":{"line":19,"column":25},"end":{"line":44,"column":1}},"8":{"start":{"line":20,"column":2},"end":{"line":43,"column":3}},"9":{"start":{"line":21,"column":4},"end":{"line":26,"column":5}},"10":{"start":{"line":22,"column":6},"end":{"line":24,"column":7}},"11":{"start":{"line":23,"column":8},"end":{"line":23,"column":79}},"12":{"start":{"line":25,"column":6},"end":{"line":25,"column":18}},"13":{"start":{"line":28,"column":16},"end":{"line":28,"column":53}},"14":{"start":{"line":29,"column":17},"end":{"line":29,"column":55}},"15":{"start":{"line":31,"column":4},"end":{"line":34,"column":7}},"16":{"start":{"line":36,"column":4},"end":{"line":36,"column":25}},"17":{"start":{"line":38,"column":4},"end":{"line":38,"column":76}},"18":{"start":{"line":39,"column":4},"end":{"line":41,"column":5}},"19":{"start":{"line":40,"column":6},"end":{"line":40,"column":16}},"20":{"start":{"line":42,"column":4},"end":{"line":42,"column":16}},"21":{"start":{"line":52,"column":26},"end":{"line":62,"column":1}},"22":{"start":{"line":53,"column":23},"end":{"line":53,"column":41}},"23":{"start":{"line":55,"column":2},"end":{"line":58,"column":3}},"24":{"start":{"line":56,"column":4},"end":{"line":56,"column":76}},"25":{"start":{"line":57,"column":4},"end":{"line":57,"column":16}},"26":{"start":{"line":60,"column":17},"end":{"line":60,"column":54}},"27":{"start":{"line":61,"column":2},"end":{"line":61,"column":16}},"28":{"start":{"line":67,"column":21},"end":{"line":79,"column":1}},"29":{"start":{"line":68,"column":2},"end":{"line":70,"column":3}},"30":{"start":{"line":69,"column":4},"end":{"line":69,"column":66}},"31":{"start":{"line":73,"column":2},"end":{"line":73,"column":93}},"32":{"start":{"line":74,"column":2},"end":{"line":74,"column":53}},"33":{"start":{"line":75,"column":2},"end":{"line":75,"column":43}},"34":{"start":{"line":76,"column":2},"end":{"line":76,"column":53}},"35":{"start":{"line":78,"column":2},"end":{"line":78,"column":9}},"36":{"start":{"line":85,"column":26},"end":{"line":113,"column":1}},"37":{"start":{"line":86,"column":2},"end":{"line":112,"column":3}},"38":{"start":{"line":87,"column":4},"end":{"line":89,"column":5}},"39":{"start":{"line":88,"column":6},"end":{"line":88,"column":68}},"40":{"start":{"line":91,"column":17},"end":{"line":91,"column":55}},"41":{"start":{"line":92,"column":18},"end":{"line":92,"column":34}},"42":{"start":{"line":93,"column":21},"end":{"line":93,"column":50}},"43":{"start":{"line":94,"column":16},"end":{"line":94,"column":47}},"44":{"start":{"line":97,"column":20},"end":{"line":97,"column":40}},"45":{"start":{"line":99,"column":4},"end":{"line":99,"column":53}},"46":{"start":{"line":101,"column":4},"end":{"line":105,"column":6}},"47":{"start":{"line":107,"column":4},"end":{"line":107,"column":76}},"48":{"start":{"line":108,"column":4},"end":{"line":111,"column":6}},"49":{"start":{"line":115,"column":0},"end":{"line":121,"column":2}}},"fnMap":{"0":{"name":"(anonymous_0)","decl":{"start":{"line":19,"column":25},"end":{"line":19,"column":26}},"loc":{"start":{"line":19,"column":31},"end":{"line":44,"column":1}},"line":19},"1":{"name":"(anonymous_1)","decl":{"start":{"line":52,"column":26},"end":{"line":52,"column":27}},"loc":{"start":{"line":52,"column":47},"end":{"line":62,"column":1}},"line":52},"2":{"name":"(anonymous_2)","decl":{"start":{"line":67,"column":21},"end":{"line":67,"column":22}},"loc":{"start":{"line":67,"column":41},"end":{"line":79,"column":1}},"line":67},"3":{"name":"(anonymous_3)","decl":{"start":{"line":85,"column":26},"end":{"line":85,"column":27}},"loc":{"start":{"line":85,"column":32},"end":{"line":113,"column":1}},"line":85}},"branchMap":{"0":{"loc":{"start":{"line":13,"column":20},"end":{"line":13,"column":95}},"type":"binary-expr","locations":[{"start":{"line":13,"column":20},"end":{"line":13,"column":54}},{"start":{"line":13,"column":58},"end":{"line":13,"column":95}}],"line":13},"1":{"loc":{"start":{"line":21,"column":4},"end":{"line":26,"column":5}},"type":"if","locations":[{"start":{"line":21,"column":4},"end":{"line":26,"column":5}},{"start":{},"end":{}}],"line":21},"2":{"loc":{"start":{"line":21,"column":8},"end":{"line":21,"column":39}},"type":"binary-expr","locations":[{"start":{"line":21,"column":8},"end":{"line":21,"column":22}},{"start":{"line":21,"column":26},"end":{"line":21,"column":39}}],"line":21},"3":{"loc":{"start":{"line":22,"column":6},"end":{"line":24,"column":7}},"type":"if","locations":[{"start":{"line":22,"column":6},"end":{"line":24,"column":7}},{"start":{},"end":{}}],"line":22},"4":{"loc":{"start":{"line":39,"column":4},"end":{"line":41,"column":5}},"type":"if","locations":[{"start":{"line":39,"column":4},"end":{"line":41,"column":5}},{"start":{},"end":{}}],"line":39},"5":{"loc":{"start":{"line":52,"column":32},"end":{"line":52,"column":42}},"type":"default-arg","locations":[{"start":{"line":52,"column":39},"end":{"line":52,"column":42}}],"line":52},"6":{"loc":{"start":{"line":55,"column":2},"end":{"line":58,"column":3}},"type":"if","locations":[{"start":{"line":55,"column":2},"end":{"line":58,"column":3}},{"start":{},"end":{}}],"line":55},"7":{"loc":{"start":{"line":68,"column":2},"end":{"line":70,"column":3}},"type":"if","locations":[{"start":{"line":68,"column":2},"end":{"line":70,"column":3}},{"start":{},"end":{}}],"line":68},"8":{"loc":{"start":{"line":68,"column":6},"end":{"line":68,"column":86}},"type":"binary-expr","locations":[{"start":{"line":68,"column":6},"end":{"line":68,"column":17}},{"start":{"line":68,"column":21},"end":{"line":68,"column":45}},{"start":{"line":68,"column":49},"end":{"line":68,"column":86}}],"line":68},"9":{"loc":{"start":{"line":87,"column":4},"end":{"line":89,"column":5}},"type":"if","locations":[{"start":{"line":87,"column":4},"end":{"line":89,"column":5}},{"start":{},"end":{}}],"line":87}},"s":{"0":0,"1":0,"2":0,"3":0,"4":0,"5":0,"6":0,"7":0,"8":0,"9":0,"10":0,"11":0,"12":0,"13":0,"14":0,"15":0,"16":0,"17":0,"18":0,"19":0,"20":0,"21":0,"22":0,"23":0,"24":0,"25":0,"26":0,"27":0,"28":0,"29":0,"30":0,"31":0,"32":0,"33":0,"34":0,"35":0,"36":0,"37":0,"38":0,"39":0,"40":0,"41":0,"42":0,"43":0,"44":0,"45":0,"46":0,"47":0,"48":0,"49":0},"f":{"0":0,"1":0,"2":0,"3":0},"b":{"0":[0,0],"1":[0,0],"2":[0,0],"3":[0,0],"4":[0,0],"5":[0],"6":[0,0],"7":[0,0],"8":[0,0,0],"9":[0,0]}}
}
