TN:
SF:src\database.js
FN:25,(anonymous_0)
FN:26,(anonymous_1)
FN:31,(anonymous_2)
FN:42,(anonymous_3)
FN:66,(anonymous_4)
FN:71,(anonymous_5)
FN:72,(anonymous_6)
FN:80,(anonymous_7)
FN:85,(anonymous_8)
FN:86,(anonymous_9)
FN:94,(anonymous_10)
FN:99,(anonymous_11)
FN:100,(anonymous_12)
FN:109,(anonymous_13)
FN:117,(anonymous_14)
FN:195,(anonymous_15)
FN:278,(anonymous_16)
FN:293,(anonymous_17)
FN:299,(anonymous_18)
FN:300,(anonymous_19)
FNF:20
FNH:0
FNDA:0,(anonymous_0)
FNDA:0,(anonymous_1)
FNDA:0,(anonymous_2)
FNDA:0,(anonymous_3)
FNDA:0,(anonymous_4)
FNDA:0,(anonymous_5)
FNDA:0,(anonymous_6)
FNDA:0,(anonymous_7)
FNDA:0,(anonymous_8)
FNDA:0,(anonymous_9)
FNDA:0,(anonymous_10)
FNDA:0,(anonymous_11)
FNDA:0,(anonymous_12)
FNDA:0,(anonymous_13)
FNDA:0,(anonymous_14)
FNDA:0,(anonymous_15)
FNDA:0,(anonymous_16)
FNDA:0,(anonymous_17)
FNDA:0,(anonymous_18)
FNDA:0,(anonymous_19)
DA:7,0
DA:8,0
DA:9,0
DA:10,0
DA:11,0
DA:12,0
DA:15,0
DA:16,0
DA:18,0
DA:19,0
DA:20,0
DA:21,0
DA:22,0
DA:25,0
DA:26,0
DA:27,0
DA:28,0
DA:29,0
DA:31,0
DA:32,0
DA:34,0
DA:35,0
DA:42,0
DA:43,0
DA:44,0
DA:47,0
DA:56,0
DA:57,0
DA:58,0
DA:60,0
DA:61,0
DA:66,0
DA:67,0
DA:68,0
DA:69,0
DA:71,0
DA:72,0
DA:73,0
DA:74,0
DA:80,0
DA:81,0
DA:82,0
DA:83,0
DA:85,0
DA:86,0
DA:87,0
DA:88,0
DA:94,0
DA:95,0
DA:96,0
DA:97,0
DA:99,0
DA:100,0
DA:101,0
DA:102,0
DA:109,0
DA:110,0
DA:111,0
DA:113,0
DA:117,0
DA:118,0
DA:120,0
DA:190,0
DA:191,0
DA:195,0
DA:196,0
DA:266,0
DA:267,0
DA:268,0
DA:270,0
DA:271,0
DA:278,0
DA:279,0
DA:280,0
DA:281,0
DA:283,0
DA:285,0
DA:286,0
DA:288,0
DA:289,0
DA:293,0
DA:294,0
DA:295,0
DA:296,0
DA:297,0
DA:298,0
DA:299,0
DA:300,0
DA:301,0
DA:303,0
DA:304,0
DA:310,0
DA:314,0
LF:93
LH:0
BRDA:15,0,0,0
BRDA:15,0,1,0
BRDA:15,1,0,0
BRDA:15,1,1,0
BRDA:16,2,0,0
BRDA:16,2,1,0
BRDA:27,3,0,0
BRDA:27,3,1,0
BRDA:29,4,0,0
BRDA:29,4,1,0
BRDA:32,5,0,0
BRDA:32,5,1,0
BRDA:44,6,0,0
BRDA:44,6,1,0
BRDA:52,7,0,0
BRDA:52,7,1,0
BRDA:66,8,0,0
BRDA:67,9,0,0
BRDA:67,9,1,0
BRDA:73,10,0,0
BRDA:73,10,1,0
BRDA:80,11,0,0
BRDA:81,12,0,0
BRDA:81,12,1,0
BRDA:87,13,0,0
BRDA:87,13,1,0
BRDA:94,14,0,0
BRDA:95,15,0,0
BRDA:95,15,1,0
BRDA:101,16,0,0
BRDA:101,16,1,0
BRDA:102,17,0,0
BRDA:102,17,1,0
BRDA:110,18,0,0
BRDA:110,18,1,0
BRDA:270,19,0,0
BRDA:270,19,1,0
BRDA:280,20,0,0
BRDA:280,20,1,0
BRDA:286,21,0,0
BRDA:286,21,1,0
BRDA:295,22,0,0
BRDA:295,22,1,0
BRDA:295,23,0,0
BRDA:295,23,1,0
BRDA:298,24,0,0
BRDA:298,24,1,0
BRDA:301,25,0,0
BRDA:301,25,1,0
BRF:49
BRH:0
end_of_record
TN:
SF:src\email.js
FN:22,(anonymous_0)
FN:75,(anonymous_1)
FN:123,(anonymous_2)
FN:164,(anonymous_3)
FN:213,(anonymous_4)
FN:253,(anonymous_5)
FNF:6
FNH:0
FNDA:0,(anonymous_0)
FNDA:0,(anonymous_1)
FNDA:0,(anonymous_2)
FNDA:0,(anonymous_3)
FNDA:0,(anonymous_4)
FNDA:0,(anonymous_5)
DA:7,0
DA:8,0
DA:11,0
DA:12,0
DA:13,0
DA:14,0
DA:15,0
DA:16,0
DA:17,0
DA:20,0
DA:22,0
DA:23,0
DA:25,0
DA:33,0
DA:35,0
DA:43,0
DA:45,0
DA:54,0
DA:56,0
DA:65,0
DA:75,0
DA:76,0
DA:77,0
DA:78,0
DA:81,0
DA:82,0
DA:83,0
DA:86,0
DA:88,0
DA:107,0
DA:108,0
DA:109,0
DA:111,0
DA:112,0
DA:123,0
DA:124,0
DA:125,0
DA:126,0
DA:129,0
DA:130,0
DA:131,0
DA:134,0
DA:149,0
DA:150,0
DA:151,0
DA:153,0
DA:154,0
DA:164,0
DA:165,0
DA:166,0
DA:167,0
DA:170,0
DA:171,0
DA:172,0
DA:175,0
DA:197,0
DA:198,0
DA:199,0
DA:201,0
DA:202,0
DA:213,0
DA:214,0
DA:215,0
DA:216,0
DA:219,0
DA:220,0
DA:221,0
DA:224,0
DA:240,0
DA:241,0
DA:242,0
DA:244,0
DA:245,0
DA:253,0
DA:254,0
DA:255,0
DA:256,0
DA:259,0
DA:260,0
DA:263,0
DA:264,0
DA:265,0
DA:267,0
DA:268,0
DA:273,0
DA:274,0
DA:277,0
LF:87
LH:0
BRDA:11,0,0,0
BRDA:11,0,1,0
BRDA:12,1,0,0
BRDA:12,1,1,0
BRDA:13,2,0,0
BRDA:13,2,1,0
BRDA:14,3,0,0
BRDA:14,3,1,0
BRDA:15,4,0,0
BRDA:15,4,1,0
BRDA:16,5,0,0
BRDA:16,5,1,0
BRDA:17,6,0,0
BRDA:17,6,1,0
BRDA:23,7,0,0
BRDA:23,7,1,0
BRDA:23,8,0,0
BRDA:23,8,1,0
BRDA:33,9,0,0
BRDA:33,9,1,0
BRDA:33,10,0,0
BRDA:33,10,1,0
BRDA:43,11,0,0
BRDA:43,11,1,0
BRDA:43,12,0,0
BRDA:43,12,1,0
BRDA:54,13,0,0
BRDA:54,13,1,0
BRDA:60,14,0,0
BRDA:60,14,1,0
BRDA:61,15,0,0
BRDA:61,15,1,0
BRDA:77,16,0,0
BRDA:77,16,1,0
BRDA:81,17,0,0
BRDA:81,17,1,0
BRDA:86,18,0,0
BRDA:86,18,1,0
BRDA:125,19,0,0
BRDA:125,19,1,0
BRDA:129,20,0,0
BRDA:129,20,1,0
BRDA:164,21,0,0
BRDA:166,22,0,0
BRDA:166,22,1,0
BRDA:170,23,0,0
BRDA:170,23,1,0
BRDA:188,24,0,0
BRDA:188,24,1,0
BRDA:215,25,0,0
BRDA:215,25,1,0
BRDA:219,26,0,0
BRDA:219,26,1,0
BRDA:231,27,0,0
BRDA:231,27,1,0
BRDA:255,28,0,0
BRDA:255,28,1,0
BRDA:259,29,0,0
BRDA:259,29,1,0
BRDA:273,30,0,0
BRDA:273,30,1,0
BRF:61
BRH:0
end_of_record
TN:
SF:src\errors.js
FN:4,(anonymous_0)
FN:14,(anonymous_1)
FN:21,(anonymous_2)
FN:27,(anonymous_3)
FN:33,(anonymous_4)
FN:39,(anonymous_5)
FN:45,(anonymous_6)
FN:51,(anonymous_7)
FN:58,(anonymous_8)
FN:58,(anonymous_9)
FN:63,(anonymous_10)
FN:65,(anonymous_11)
FN:75,(anonymous_12)
FNF:13
FNH:0
FNDA:0,(anonymous_0)
FNDA:0,(anonymous_1)
FNDA:0,(anonymous_2)
FNDA:0,(anonymous_3)
FNDA:0,(anonymous_4)
FNDA:0,(anonymous_5)
FNDA:0,(anonymous_6)
FNDA:0,(anonymous_7)
FNDA:0,(anonymous_8)
FNDA:0,(anonymous_9)
FNDA:0,(anonymous_10)
FNDA:0,(anonymous_11)
FNDA:0,(anonymous_12)
DA:5,0
DA:6,0
DA:7,0
DA:8,0
DA:9,0
DA:15,0
DA:16,0
DA:22,0
DA:28,0
DA:34,0
DA:40,0
DA:46,0
DA:52,0
DA:53,0
DA:58,0
DA:59,0
DA:63,0
DA:64,0
DA:65,0
DA:71,0
DA:75,0
DA:76,0
DA:84,0
DA:85,0
DA:88,0
DA:89,0
DA:90,0
DA:91,0
DA:95,0
DA:98,0
LF:30
LH:0
BRDA:4,0,0,0
BRDA:4,1,0,0
BRDA:14,2,0,0
BRDA:21,3,0,0
BRDA:27,4,0,0
BRDA:33,5,0,0
BRDA:39,6,0,0
BRDA:45,7,0,0
BRDA:51,8,0,0
BRDA:51,9,0,0
BRDA:64,10,0,0
BRDA:64,10,1,0
BRDA:75,11,0,0
BRDA:78,12,0,0
BRDA:78,12,1,0
BRDA:80,13,0,0
BRDA:80,13,1,0
BRDA:84,14,0,0
BRDA:84,14,1,0
BRDA:88,15,0,0
BRDA:88,15,1,0
BRDA:88,16,0,0
BRDA:88,16,1,0
BRDA:90,17,0,0
BRDA:90,17,1,0
BRF:25
BRH:0
end_of_record
TN:
SF:src\osusu.js
FN:2,(anonymous_0)
FN:8,(anonymous_1)
FN:13,(anonymous_2)
FN:21,(anonymous_3)
FN:32,(anonymous_4)
FN:37,(anonymous_5)
FN:38,(anonymous_6)
FNF:7
FNH:7
FNDA:3,(anonymous_0)
FNDA:3,(anonymous_1)
FNDA:1,(anonymous_2)
FNDA:1,(anonymous_3)
FNDA:2,(anonymous_4)
FNDA:1,(anonymous_5)
FNDA:2,(anonymous_6)
DA:3,3
DA:4,3
DA:5,3
DA:9,3
DA:10,3
DA:14,1
DA:15,1
DA:16,1
DA:22,1
DA:23,1
DA:24,1
DA:25,1
DA:26,1
DA:27,1
DA:28,1
DA:29,1
DA:33,2
DA:34,2
DA:38,2
DA:42,2
LF:20
LH:20
BRDA:3,0,0,0
BRDA:3,0,1,3
BRDA:9,1,0,0
BRDA:9,1,1,3
BRDA:14,2,0,0
BRDA:14,2,1,1
BRDA:15,3,0,0
BRDA:15,3,1,1
BRDA:21,4,0,1
BRDA:22,5,0,0
BRDA:22,5,1,1
BRDA:25,6,0,1
BRDA:25,6,1,1
BRDA:26,7,0,1
BRDA:26,7,1,1
BRDA:27,8,0,1
BRDA:27,8,1,1
BRDA:28,9,0,1
BRDA:28,9,1,1
BRDA:29,10,0,1
BRDA:29,10,1,1
BRDA:33,11,0,0
BRDA:33,11,1,2
BRF:23
BRH:17
end_of_record
TN:
SF:src\server.js
FN:39,(anonymous_0)
FN:51,(anonymous_1)
FN:58,(anonymous_2)
FN:82,(anonymous_3)
FN:94,(anonymous_4)
FN:96,(anonymous_5)
FN:97,(anonymous_6)
FN:99,(anonymous_7)
FN:105,(anonymous_8)
FN:112,(anonymous_9)
FN:112,(anonymous_10)
FN:120,(anonymous_11)
FN:123,(anonymous_12)
FN:163,(anonymous_13)
FN:172,(anonymous_14)
FN:191,(anonymous_15)
FN:209,(anonymous_16)
FN:241,(anonymous_17)
FN:245,(anonymous_18)
FN:254,(anonymous_19)
FN:256,(anonymous_20)
FN:290,(anonymous_21)
FN:307,(anonymous_22)
FN:326,(anonymous_23)
FN:330,(anonymous_24)
FN:345,(anonymous_25)
FN:387,(anonymous_26)
FN:425,(anonymous_27)
FN:452,(anonymous_28)
FN:465,(anonymous_29)
FN:481,(anonymous_30)
FN:502,(anonymous_31)
FN:513,(anonymous_32)
FN:578,(anonymous_33)
FN:617,(anonymous_34)
FN:627,(anonymous_35)
FN:640,(anonymous_36)
FN:666,(anonymous_37)
FN:693,(anonymous_38)
FN:703,(anonymous_39)
FN:715,(anonymous_40)
FN:752,(anonymous_41)
FN:772,(anonymous_42)
FN:787,(anonymous_43)
FN:815,(anonymous_44)
FN:818,(anonymous_45)
FN:830,(anonymous_46)
FN:856,(anonymous_47)
FN:879,(anonymous_48)
FN:895,(anonymous_49)
FN:915,(anonymous_50)
FN:957,(anonymous_51)
FN:974,(anonymous_52)
FN:978,(anonymous_53)
FN:983,(anonymous_54)
FN:988,(anonymous_55)
FN:990,(anonymous_56)
FN:1002,(anonymous_57)
FN:1012,(anonymous_58)
FN:1017,(anonymous_59)
FN:1028,(anonymous_60)
FNF:61
FNH:21
FNDA:26,(anonymous_0)
FNDA:6,(anonymous_1)
FNDA:0,(anonymous_2)
FNDA:0,(anonymous_3)
FNDA:14,(anonymous_4)
FNDA:6,(anonymous_5)
FNDA:6,(anonymous_6)
FNDA:13,(anonymous_7)
FNDA:13,(anonymous_8)
FNDA:20,(anonymous_9)
FNDA:3,(anonymous_10)
FNDA:1,(anonymous_11)
FNDA:0,(anonymous_12)
FNDA:5,(anonymous_13)
FNDA:6,(anonymous_14)
FNDA:0,(anonymous_15)
FNDA:0,(anonymous_16)
FNDA:0,(anonymous_17)
FNDA:0,(anonymous_18)
FNDA:0,(anonymous_19)
FNDA:4,(anonymous_20)
FNDA:2,(anonymous_21)
FNDA:2,(anonymous_22)
FNDA:2,(anonymous_23)
FNDA:1,(anonymous_24)
FNDA:0,(anonymous_25)
FNDA:0,(anonymous_26)
FNDA:0,(anonymous_27)
FNDA:1,(anonymous_28)
FNDA:1,(anonymous_29)
FNDA:1,(anonymous_30)
FNDA:1,(anonymous_31)
FNDA:0,(anonymous_32)
FNDA:0,(anonymous_33)
FNDA:0,(anonymous_34)
FNDA:0,(anonymous_35)
FNDA:0,(anonymous_36)
FNDA:0,(anonymous_37)
FNDA:0,(anonymous_38)
FNDA:0,(anonymous_39)
FNDA:0,(anonymous_40)
FNDA:0,(anonymous_41)
FNDA:0,(anonymous_42)
FNDA:0,(anonymous_43)
FNDA:0,(anonymous_44)
FNDA:0,(anonymous_45)
FNDA:0,(anonymous_46)
FNDA:0,(anonymous_47)
FNDA:0,(anonymous_48)
FNDA:0,(anonymous_49)
FNDA:0,(anonymous_50)
FNDA:0,(anonymous_51)
FNDA:0,(anonymous_52)
FNDA:0,(anonymous_53)
FNDA:0,(anonymous_54)
FNDA:0,(anonymous_55)
FNDA:0,(anonymous_56)
FNDA:0,(anonymous_57)
FNDA:0,(anonymous_58)
FNDA:0,(anonymous_59)
FNDA:0,(anonymous_60)
DA:1,1
DA:2,1
DA:3,1
DA:4,1
DA:5,1
DA:6,1
DA:7,1
DA:8,1
DA:9,1
DA:10,1
DA:11,1
DA:13,1
DA:16,1
DA:22,1
DA:23,1
DA:32,1
DA:34,1
DA:35,1
DA:39,26
DA:46,1
DA:49,1
DA:51,6
DA:58,1
DA:64,1
DA:65,1
DA:66,1
DA:69,1
DA:70,1
DA:82,0
DA:89,1
DA:90,0
DA:91,0
DA:94,14
DA:96,6
DA:97,6
DA:99,1
DA:100,13
DA:101,13
DA:102,13
DA:103,13
DA:105,13
DA:106,13
DA:107,13
DA:108,13
DA:112,20
DA:113,3
DA:114,3
DA:115,3
DA:116,3
DA:117,3
DA:120,1
DA:121,1
DA:123,1
DA:124,1
DA:127,1
DA:128,1
DA:135,1
DA:136,1
DA:138,1
DA:154,0
DA:163,1
DA:164,5
DA:165,5
DA:166,5
DA:168,0
DA:172,1
DA:173,6
DA:174,6
DA:175,6
DA:177,6
DA:178,6
DA:179,6
DA:181,6
DA:182,6
DA:183,6
DA:185,6
DA:186,6
DA:187,6
DA:188,6
DA:191,1
DA:192,0
DA:193,0
DA:194,0
DA:196,0
DA:197,0
DA:198,0
DA:200,0
DA:201,0
DA:203,0
DA:204,0
DA:205,0
DA:206,0
DA:209,1
DA:210,0
DA:211,0
DA:212,0
DA:213,0
DA:215,0
DA:216,0
DA:219,0
DA:222,0
DA:223,0
DA:225,0
DA:226,0
DA:227,0
DA:229,0
DA:230,0
DA:233,0
DA:241,1
DA:242,0
DA:243,0
DA:245,0
DA:246,0
DA:247,0
DA:248,0
DA:249,0
DA:250,0
DA:254,1
DA:256,1
DA:257,4
DA:266,4
DA:267,4
DA:269,4
DA:270,4
DA:272,4
DA:285,4
DA:287,4
DA:290,1
DA:291,2
DA:292,2
DA:293,2
DA:295,2
DA:296,2
DA:298,2
DA:299,2
DA:301,2
DA:302,2
DA:304,2
DA:307,1
DA:308,2
DA:309,2
DA:310,2
DA:312,2
DA:313,2
DA:315,2
DA:316,2
DA:318,2
DA:319,2
DA:321,2
DA:323,2
DA:326,1
DA:327,2
DA:328,2
DA:330,2
DA:332,2
DA:345,1
DA:346,0
DA:347,0
DA:348,0
DA:350,0
DA:351,0
DA:352,0
DA:354,0
DA:355,0
DA:356,0
DA:357,0
DA:359,0
DA:372,0
DA:373,0
DA:380,0
DA:382,0
DA:383,0
DA:387,1
DA:388,0
DA:389,0
DA:390,0
DA:392,0
DA:393,0
DA:395,0
DA:396,0
DA:398,0
DA:399,0
DA:402,0
DA:404,0
DA:411,0
DA:420,0
DA:421,0
DA:425,1
DA:426,0
DA:427,0
DA:429,0
DA:431,0
DA:452,1
DA:453,1
DA:462,1
DA:465,1
DA:466,1
DA:467,1
DA:468,1
DA:470,1
DA:478,1
DA:481,1
DA:482,1
DA:483,1
DA:491,1
DA:499,1
DA:502,1
DA:503,1
DA:504,1
DA:505,1
DA:508,0
DA:509,0
DA:510,0
DA:512,0
DA:513,0
DA:514,0
DA:515,0
DA:516,0
DA:519,0
DA:520,0
DA:521,0
DA:533,0
DA:534,0
DA:535,0
DA:536,0
DA:537,0
DA:538,0
DA:539,0
DA:540,0
DA:541,0
DA:542,0
DA:543,0
DA:548,0
DA:549,0
DA:550,0
DA:561,0
DA:562,0
DA:563,0
DA:564,0
DA:565,0
DA:566,0
DA:567,0
DA:574,0
DA:578,1
DA:579,0
DA:580,0
DA:581,0
DA:582,0
DA:583,0
DA:584,0
DA:586,0
DA:587,0
DA:588,0
DA:598,0
DA:600,0
DA:613,0
DA:617,1
DA:618,0
DA:619,0
DA:620,0
DA:621,0
DA:623,0
DA:627,1
DA:628,0
DA:629,0
DA:630,0
DA:631,0
DA:633,0
DA:634,0
DA:636,0
DA:640,1
DA:641,0
DA:642,0
DA:643,0
DA:645,0
DA:646,0
DA:648,0
DA:650,0
DA:660,0
DA:662,0
DA:666,1
DA:667,0
DA:668,0
DA:669,0
DA:672,0
DA:673,0
DA:675,0
DA:677,0
DA:687,0
DA:689,0
DA:693,1
DA:694,0
DA:695,0
DA:696,0
DA:697,0
DA:699,0
DA:703,1
DA:704,0
DA:705,0
DA:706,0
DA:708,0
DA:709,0
DA:711,0
DA:715,1
DA:716,0
DA:717,0
DA:718,0
DA:719,0
DA:721,0
DA:722,0
DA:723,0
DA:724,0
DA:726,0
DA:727,0
DA:728,0
DA:730,0
DA:731,0
DA:732,0
DA:734,0
DA:735,0
DA:736,0
DA:738,0
DA:739,0
DA:740,0
DA:743,0
DA:745,0
DA:746,0
DA:748,0
DA:752,1
DA:753,0
DA:754,0
DA:756,0
DA:766,0
DA:768,0
DA:772,1
DA:773,0
DA:774,0
DA:780,0
DA:782,0
DA:787,1
DA:788,0
DA:789,0
DA:793,0
DA:807,0
DA:809,0
DA:811,0
DA:815,1
DA:816,0
DA:817,0
DA:818,0
DA:823,0
DA:824,0
DA:826,0
DA:830,1
DA:831,0
DA:832,0
DA:833,0
DA:835,0
DA:836,0
DA:838,0
DA:840,0
DA:850,0
DA:852,0
DA:856,1
DA:857,0
DA:858,0
DA:872,0
DA:873,0
DA:875,0
DA:879,1
DA:880,0
DA:881,0
DA:889,0
DA:891,0
DA:895,1
DA:896,0
DA:897,0
DA:899,0
DA:909,0
DA:911,0
DA:915,1
DA:916,0
DA:917,0
DA:949,0
DA:950,0
DA:952,0
DA:957,1
DA:958,0
DA:959,0
DA:961,0
DA:969,0
DA:970,0
DA:974,1
DA:975,0
DA:978,1
DA:979,0
DA:980,0
DA:981,0
DA:983,0
DA:984,0
DA:988,0
DA:989,0
DA:990,0
DA:991,0
DA:992,0
DA:993,0
DA:994,0
DA:996,0
DA:997,0
DA:1002,0
DA:1003,0
DA:1004,0
DA:1008,0
DA:1009,0
DA:1012,0
DA:1013,0
DA:1014,0
DA:1017,0
DA:1018,0
DA:1019,0
DA:1022,0
DA:1023,0
DA:1027,1
DA:1028,0
DA:1031,1
LF:425
LH:158
BRDA:24,0,0,0
BRDA:24,0,1,1
BRDA:25,1,0,0
BRDA:25,1,1,0
BRDA:35,2,0,0
BRDA:35,2,1,1
BRDA:39,3,0,1
BRDA:39,3,1,0
BRDA:51,4,0,1
BRDA:51,4,1,0
BRDA:58,5,0,1
BRDA:58,5,1,0
BRDA:64,6,0,1
BRDA:64,6,1,0
BRDA:71,7,0,1
BRDA:71,7,1,1
BRDA:89,8,0,0
BRDA:89,8,1,1
BRDA:101,9,0,0
BRDA:101,9,1,13
BRDA:103,10,0,0
BRDA:103,10,1,13
BRDA:106,11,0,0
BRDA:106,11,1,13
BRDA:113,12,0,0
BRDA:113,12,1,3
BRDA:113,13,0,3
BRDA:113,13,1,3
BRDA:116,14,0,0
BRDA:116,14,1,3
BRDA:139,15,0,1
BRDA:139,15,1,0
BRDA:143,16,0,1
BRDA:143,16,1,0
BRDA:151,17,0,1
BRDA:151,17,1,0
BRDA:158,18,0,0
BRDA:158,18,1,0
BRDA:175,19,0,0
BRDA:175,19,1,6
BRDA:179,20,0,0
BRDA:179,20,1,6
BRDA:194,21,0,0
BRDA:194,21,1,0
BRDA:198,22,0,0
BRDA:198,22,1,0
BRDA:201,23,0,0
BRDA:201,23,1,0
BRDA:213,24,0,0
BRDA:213,24,1,0
BRDA:216,25,0,0
BRDA:216,25,1,0
BRDA:225,26,0,0
BRDA:225,26,1,0
BRDA:243,27,0,0
BRDA:243,27,1,0
BRDA:246,28,0,0
BRDA:246,28,1,0
BRDA:246,29,0,0
BRDA:246,29,1,0
BRDA:247,30,0,0
BRDA:247,30,1,0
BRDA:267,31,0,0
BRDA:267,31,1,4
BRDA:270,32,0,0
BRDA:270,32,1,4
BRDA:293,33,0,0
BRDA:293,33,1,2
BRDA:296,34,0,0
BRDA:296,34,1,2
BRDA:299,35,0,0
BRDA:299,35,1,2
BRDA:310,36,0,0
BRDA:310,36,1,2
BRDA:310,37,0,2
BRDA:310,37,1,2
BRDA:313,38,0,0
BRDA:313,38,1,2
BRDA:316,39,0,0
BRDA:316,39,1,2
BRDA:328,40,0,0
BRDA:328,40,1,2
BRDA:330,41,0,1
BRDA:330,41,1,0
BRDA:341,42,0,2
BRDA:341,42,1,0
BRDA:348,43,0,0
BRDA:348,43,1,0
BRDA:352,44,0,0
BRDA:352,44,1,0
BRDA:355,45,0,0
BRDA:355,45,1,0
BRDA:390,46,0,0
BRDA:390,46,1,0
BRDA:393,47,0,0
BRDA:393,47,1,0
BRDA:396,48,0,0
BRDA:396,48,1,0
BRDA:396,49,0,0
BRDA:396,49,1,0
BRDA:399,50,0,0
BRDA:399,50,1,0
BRDA:427,51,0,0
BRDA:427,51,1,0
BRDA:429,52,0,0
BRDA:429,52,1,0
BRDA:429,53,0,0
BRDA:429,53,1,0
BRDA:442,54,0,0
BRDA:442,54,1,0
BRDA:443,55,0,0
BRDA:443,55,1,0
BRDA:444,56,0,0
BRDA:444,56,1,0
BRDA:445,57,0,0
BRDA:445,57,1,0
BRDA:504,58,0,1
BRDA:504,58,1,0
BRDA:513,59,0,0
BRDA:513,59,1,0
BRDA:513,60,0,0
BRDA:513,60,1,0
BRDA:513,61,0,0
BRDA:513,61,1,0
BRDA:513,62,0,0
BRDA:513,62,1,0
BRDA:513,63,0,0
BRDA:513,63,1,0
BRDA:519,64,0,0
BRDA:519,64,1,0
BRDA:522,65,0,0
BRDA:522,65,1,0
BRDA:524,66,0,0
BRDA:524,66,1,0
BRDA:524,66,2,0
BRDA:524,66,3,0
BRDA:525,67,0,0
BRDA:525,67,1,0
BRDA:526,68,0,0
BRDA:526,68,1,0
BRDA:527,69,0,0
BRDA:527,69,1,0
BRDA:528,70,0,0
BRDA:528,70,1,0
BRDA:529,71,0,0
BRDA:529,71,1,0
BRDA:530,72,0,0
BRDA:530,72,1,0
BRDA:531,73,0,0
BRDA:531,73,1,0
BRDA:535,74,0,0
BRDA:535,74,1,0
BRDA:537,75,0,0
BRDA:537,75,1,0
BRDA:537,76,0,0
BRDA:537,76,1,0
BRDA:540,77,0,0
BRDA:540,77,1,0
BRDA:542,78,0,0
BRDA:542,78,1,0
BRDA:542,79,0,0
BRDA:542,79,1,0
BRDA:548,80,0,0
BRDA:548,80,1,0
BRDA:551,81,0,0
BRDA:551,81,1,0
BRDA:553,82,0,0
BRDA:553,82,1,0
BRDA:554,83,0,0
BRDA:554,83,1,0
BRDA:555,84,0,0
BRDA:555,84,1,0
BRDA:556,85,0,0
BRDA:556,85,1,0
BRDA:557,86,0,0
BRDA:557,86,1,0
BRDA:558,87,0,0
BRDA:558,87,1,0
BRDA:559,88,0,0
BRDA:559,88,1,0
BRDA:563,89,0,0
BRDA:563,89,1,0
BRDA:563,90,0,0
BRDA:563,90,1,0
BRDA:565,91,0,0
BRDA:565,91,1,0
BRDA:567,92,0,0
BRDA:567,92,1,0
BRDA:602,93,0,0
BRDA:602,93,1,0
BRDA:603,94,0,0
BRDA:603,94,1,0
BRDA:604,95,0,0
BRDA:604,95,1,0
BRDA:605,96,0,0
BRDA:605,96,1,0
BRDA:606,97,0,0
BRDA:606,97,1,0
BRDA:630,98,0,0
BRDA:630,98,1,0
BRDA:643,99,0,0
BRDA:643,99,1,0
BRDA:646,100,0,0
BRDA:646,100,1,0
BRDA:668,101,0,0
BRDA:668,101,1,0
BRDA:673,102,0,0
BRDA:673,102,1,0
BRDA:706,103,0,0
BRDA:706,103,1,0
BRDA:719,104,0,0
BRDA:719,104,1,0
BRDA:722,105,0,0
BRDA:722,105,1,0
BRDA:722,106,0,0
BRDA:722,106,1,0
BRDA:726,107,0,0
BRDA:726,107,1,0
BRDA:730,108,0,0
BRDA:730,108,1,0
BRDA:734,109,0,0
BRDA:734,109,1,0
BRDA:738,110,0,0
BRDA:738,110,1,0
BRDA:833,111,0,0
BRDA:833,111,1,0
BRDA:836,112,0,0
BRDA:836,112,1,0
BRDA:958,113,0,0
BRDA:958,113,1,0
BRDA:958,113,2,0
BRDA:969,114,0,0
BRDA:969,114,1,0
BRDA:970,115,0,0
BRDA:970,115,1,0
BRDA:981,116,0,0
BRDA:981,116,1,0
BRDA:984,117,0,0
BRDA:984,117,1,0
BRDA:1027,118,0,0
BRDA:1027,118,1,1
BRF:241
BRH:36
end_of_record
TN:
SF:src\sqlite.js
FN:15,(anonymous_0)
FN:92,(anonymous_1)
FN:100,(anonymous_2)
FN:101,(anonymous_3)
FN:102,(anonymous_4)
FN:110,(anonymous_5)
FN:129,(anonymous_6)
FN:131,(anonymous_7)
FN:136,(anonymous_8)
FN:138,(anonymous_9)
FN:143,(anonymous_10)
FN:147,(anonymous_11)
FN:155,(anonymous_12)
FN:175,(anonymous_13)
FN:177,(anonymous_14)
FN:182,(anonymous_15)
FN:207,(anonymous_16)
FN:220,(anonymous_17)
FN:221,(anonymous_18)
FN:253,(anonymous_19)
FN:254,(anonymous_20)
FN:284,(anonymous_21)
FN:304,(anonymous_22)
FN:335,(anonymous_23)
FN:339,(anonymous_24)
FN:347,(anonymous_25)
FN:359,(anonymous_26)
FN:377,(anonymous_27)
FN:398,(anonymous_28)
FN:399,(anonymous_29)
FN:435,(anonymous_30)
FN:435,(anonymous_31)
FN:435,(anonymous_32)
FNF:33
FNH:11
FNDA:0,(anonymous_0)
FNDA:5,(anonymous_1)
FNDA:6,(anonymous_2)
FNDA:6,(anonymous_3)
FNDA:6,(anonymous_4)
FNDA:4,(anonymous_5)
FNDA:10,(anonymous_6)
FNDA:2,(anonymous_7)
FNDA:4,(anonymous_8)
FNDA:2,(anonymous_9)
FNDA:2,(anonymous_10)
FNDA:2,(anonymous_11)
FNDA:0,(anonymous_12)
FNDA:0,(anonymous_13)
FNDA:0,(anonymous_14)
FNDA:0,(anonymous_15)
FNDA:0,(anonymous_16)
FNDA:0,(anonymous_17)
FNDA:0,(anonymous_18)
FNDA:0,(anonymous_19)
FNDA:0,(anonymous_20)
FNDA:0,(anonymous_21)
FNDA:0,(anonymous_22)
FNDA:0,(anonymous_23)
FNDA:0,(anonymous_24)
FNDA:0,(anonymous_25)
FNDA:0,(anonymous_26)
FNDA:0,(anonymous_27)
FNDA:0,(anonymous_28)
FNDA:0,(anonymous_29)
FNDA:0,(anonymous_30)
FNDA:0,(anonymous_31)
FNDA:0,(anonymous_32)
DA:1,1
DA:2,1
DA:3,1
DA:4,1
DA:6,1
DA:7,1
DA:8,1
DA:10,1
DA:11,1
DA:12,1
DA:13,1
DA:15,1
DA:16,0
DA:18,0
DA:26,0
DA:40,0
DA:50,0
DA:60,0
DA:76,0
DA:92,1
DA:93,5
DA:94,5
DA:95,5
DA:96,5
DA:97,5
DA:100,6
DA:101,6
DA:102,1
DA:103,6
DA:107,6
DA:110,1
DA:111,4
DA:126,4
DA:129,10
DA:131,1
DA:132,2
DA:133,2
DA:136,4
DA:138,1
DA:139,2
DA:140,2
DA:143,1
DA:144,2
DA:147,1
DA:148,2
DA:149,2
DA:150,2
DA:151,2
DA:152,2
DA:155,1
DA:156,0
DA:172,0
DA:175,1
DA:177,1
DA:178,0
DA:179,0
DA:182,1
DA:183,0
DA:195,0
DA:203,0
DA:207,1
DA:208,0
DA:209,0
DA:210,0
DA:211,0
DA:212,0
DA:214,0
DA:215,0
DA:220,1
DA:221,0
DA:223,0
DA:224,0
DA:227,0
DA:228,0
DA:231,0
DA:248,0
DA:253,1
DA:254,0
DA:256,0
DA:257,0
DA:258,0
DA:261,0
DA:262,0
DA:265,0
DA:266,0
DA:269,0
DA:274,0
DA:282,1
DA:284,1
DA:285,0
DA:304,1
DA:305,0
DA:306,0
DA:308,0
DA:309,0
DA:310,0
DA:312,0
DA:313,0
DA:314,0
DA:316,0
DA:317,0
DA:318,0
DA:320,0
DA:321,0
DA:322,0
DA:324,0
DA:325,0
DA:326,0
DA:329,0
DA:331,0
DA:335,1
DA:336,0
DA:339,1
DA:340,0
DA:341,0
DA:343,0
DA:344,0
DA:347,1
DA:348,0
DA:349,0
DA:350,0
DA:352,0
DA:359,1
DA:360,0
DA:374,0
DA:377,1
DA:378,0
DA:390,0
DA:392,0
DA:393,0
DA:395,0
DA:398,1
DA:399,0
DA:400,0
DA:401,0
DA:404,0
DA:405,0
DA:406,0
DA:407,0
DA:409,0
DA:413,1
DA:435,0
LF:142
LH:59
BRDA:8,0,0,0
BRDA:8,0,1,1
BRDA:102,1,0,0
BRDA:122,2,0,4
BRDA:122,2,1,0
BRDA:149,3,0,0
BRDA:149,3,1,2
BRDA:224,4,0,0
BRDA:224,4,1,0
BRDA:228,5,0,0
BRDA:228,5,1,0
BRDA:257,6,0,0
BRDA:257,6,1,0
BRDA:258,7,0,0
BRDA:258,7,1,0
BRDA:262,8,0,0
BRDA:262,8,1,0
BRDA:284,9,0,0
BRDA:284,10,0,0
BRDA:284,11,0,0
BRDA:284,12,0,0
BRDA:284,13,0,0
BRDA:284,14,0,0
BRDA:294,15,0,0
BRDA:294,15,1,0
BRDA:304,16,0,0
BRDA:308,17,0,0
BRDA:308,17,1,0
BRDA:312,18,0,0
BRDA:312,18,1,0
BRDA:316,19,0,0
BRDA:316,19,1,0
BRDA:320,20,0,0
BRDA:320,20,1,0
BRDA:324,21,0,0
BRDA:324,21,1,0
BRDA:340,22,0,0
BRDA:340,22,1,0
BRDA:354,23,0,0
BRDA:354,23,1,0
BRDA:355,24,0,0
BRDA:355,24,1,0
BRDA:390,25,0,0
BRDA:390,25,1,0
BRDA:401,26,0,0
BRDA:401,26,1,0
BRDA:435,27,0,0
BRDA:435,27,1,0
BRF:48
BRH:3
end_of_record
TN:
SF:src\ssl.js
FN:19,(anonymous_0)
FN:52,(anonymous_1)
FN:67,(anonymous_2)
FN:85,(anonymous_3)
FNF:4
FNH:0
FNDA:0,(anonymous_0)
FNDA:0,(anonymous_1)
FNDA:0,(anonymous_2)
FNDA:0,(anonymous_3)
DA:6,0
DA:7,0
DA:8,0
DA:9,0
DA:11,0
DA:12,0
DA:13,0
DA:19,0
DA:20,0
DA:21,0
DA:22,0
DA:23,0
DA:25,0
DA:28,0
DA:29,0
DA:31,0
DA:36,0
DA:38,0
DA:39,0
DA:40,0
DA:42,0
DA:52,0
DA:53,0
DA:55,0
DA:56,0
DA:57,0
DA:60,0
DA:61,0
DA:67,0
DA:68,0
DA:69,0
DA:73,0
DA:74,0
DA:75,0
DA:76,0
DA:78,0
DA:85,0
DA:86,0
DA:87,0
DA:88,0
DA:91,0
DA:92,0
DA:93,0
DA:94,0
DA:97,0
DA:99,0
DA:101,0
DA:107,0
DA:108,0
DA:115,0
LF:50
LH:0
BRDA:13,0,0,0
BRDA:13,0,1,0
BRDA:21,1,0,0
BRDA:21,1,1,0
BRDA:21,2,0,0
BRDA:21,2,1,0
BRDA:22,3,0,0
BRDA:22,3,1,0
BRDA:39,4,0,0
BRDA:39,4,1,0
BRDA:52,5,0,0
BRDA:55,6,0,0
BRDA:55,6,1,0
BRDA:68,7,0,0
BRDA:68,7,1,0
BRDA:68,8,0,0
BRDA:68,8,1,0
BRDA:68,8,2,0
BRDA:87,9,0,0
BRDA:87,9,1,0
BRF:20
BRH:0
end_of_record
